<?xml version="1.0" encoding="UTF-8"?>
<testng-results skipped="1" failed="5" total="28" passed="22">
  <reporter-output>
  </reporter-output>
  <suite name="2GU-Stgn-SmokeTest" duration-ms="950548" started-at="2012-08-30T13:19:45Z" finished-at="2012-08-30T13:35:35Z">
    <groups>
    </groups>
    <test name="CrsGrpCrsCreation" duration-ms="200009" started-at="2012-08-30T13:19:45Z" finished-at="2012-08-30T13:23:05Z">
      <class name="runThrghTestNG.Crs_GrpCrsCreation">
        <test-method status="PASS" signature="setUp()[pri:0, instance:runThrghTestNG.Crs_GrpCrsCreation@471cc198]" name="setUp" is-config="true" duration-ms="9835" started-at="2012-08-30T13:19:45Z" finished-at="2012-08-30T13:19:55Z">
        </test-method> <!-- setUp -->
        <test-method status="PASS" signature="testCntntAdminLgn()[pri:0, instance:runThrghTestNG.Crs_GrpCrsCreation@471cc198]" name="testCntntAdminLgn" duration-ms="12718" started-at="2012-08-30T13:19:55Z" finished-at="2012-08-30T13:20:07Z">
        </test-method> <!-- testCntntAdminLgn -->
        <test-method status="PASS" signature="testCrsGrpCrs_Creation()[pri:0, instance:runThrghTestNG.Crs_GrpCrsCreation@471cc198]" name="testCrsGrpCrs_Creation" duration-ms="56752" started-at="2012-08-30T13:20:07Z" depends-on-methods="runThrghTestNG.Crs_GrpCrsCreation.testCntntAdminLgn" finished-at="2012-08-30T13:21:04Z">
        </test-method> <!-- testCrsGrpCrs_Creation -->
        <test-method status="PASS" signature="testActivities_Creation()[pri:0, instance:runThrghTestNG.Crs_GrpCrsCreation@471cc198]" name="testActivities_Creation" duration-ms="117920" started-at="2012-08-30T13:21:04Z" depends-on-methods="runThrghTestNG.Crs_GrpCrsCreation.testCrsGrpCrs_Creation" finished-at="2012-08-30T13:23:02Z">
        </test-method> <!-- testActivities_Creation -->
        <test-method status="PASS" signature="tearDown()[pri:0, instance:runThrghTestNG.Crs_GrpCrsCreation@471cc198]" name="tearDown" is-config="true" duration-ms="2770" started-at="2012-08-30T13:23:02Z" finished-at="2012-08-30T13:23:05Z">
        </test-method> <!-- tearDown -->
      </class> <!-- runThrghTestNG.Crs_GrpCrsCreation -->
    </test> <!-- CrsGrpCrsCreation -->
    <test name="UsrCrtnAsgnRoleWrkngGrp" duration-ms="238130" started-at="2012-08-30T13:23:05Z" finished-at="2012-08-30T13:27:03Z">
      <class name="runThrghTestNG.UsrCrtn_AsgnRole_WrkngGrp">
        <test-method status="PASS" signature="setUp()[pri:0, instance:runThrghTestNG.UsrCrtn_AsgnRole_WrkngGrp@3d15d862]" name="setUp" is-config="true" duration-ms="1910" started-at="2012-08-30T13:23:05Z" finished-at="2012-08-30T13:23:07Z">
        </test-method> <!-- setUp -->
        <test-method status="PASS" signature="testPESAdminLgn()[pri:0, instance:runThrghTestNG.UsrCrtn_AsgnRole_WrkngGrp@3d15d862]" name="testPESAdminLgn" duration-ms="13720" started-at="2012-08-30T13:23:07Z" finished-at="2012-08-30T13:23:20Z">
        </test-method> <!-- testPESAdminLgn -->
        <test-method status="PASS" signature="testCrtWrkgnGrp()[pri:0, instance:runThrghTestNG.UsrCrtn_AsgnRole_WrkngGrp@3d15d862]" name="testCrtWrkgnGrp" duration-ms="12543" started-at="2012-08-30T13:23:20Z" depends-on-methods="runThrghTestNG.UsrCrtn_AsgnRole_WrkngGrp.testPESAdminLgn" finished-at="2012-08-30T13:23:33Z">
        </test-method> <!-- testCrtWrkgnGrp -->
        <test-method status="PASS" signature="testUsrCrtn()[pri:0, instance:runThrghTestNG.UsrCrtn_AsgnRole_WrkngGrp@3d15d862]" name="testUsrCrtn" duration-ms="51657" started-at="2012-08-30T13:23:33Z" depends-on-methods="runThrghTestNG.UsrCrtn_AsgnRole_WrkngGrp.testPESAdminLgn" finished-at="2012-08-30T13:24:25Z">
        </test-method> <!-- testUsrCrtn -->
        <test-method status="PASS" signature="testAsgnRole()[pri:0, instance:runThrghTestNG.UsrCrtn_AsgnRole_WrkngGrp@3d15d862]" name="testAsgnRole" duration-ms="65465" started-at="2012-08-30T13:24:25Z" depends-on-methods="runThrghTestNG.UsrCrtn_AsgnRole_WrkngGrp.testUsrCrtn" finished-at="2012-08-30T13:25:30Z">
        </test-method> <!-- testAsgnRole -->
        <test-method status="PASS" signature="testAddMbrsToWrkngGrp()[pri:0, instance:runThrghTestNG.UsrCrtn_AsgnRole_WrkngGrp@3d15d862]" name="testAddMbrsToWrkngGrp" duration-ms="91072" started-at="2012-08-30T13:25:30Z" depends-on-methods="runThrghTestNG.UsrCrtn_AsgnRole_WrkngGrp.testAsgnRole, runThrghTestNG.UsrCrtn_AsgnRole_WrkngGrp.testCrtWrkgnGrp" finished-at="2012-08-30T13:27:01Z">
        </test-method> <!-- testAddMbrsToWrkngGrp -->
        <test-method status="PASS" signature="tearDown()[pri:0, instance:runThrghTestNG.UsrCrtn_AsgnRole_WrkngGrp@3d15d862]" name="tearDown" is-config="true" duration-ms="1757" started-at="2012-08-30T13:27:01Z" finished-at="2012-08-30T13:27:03Z">
        </test-method> <!-- tearDown -->
      </class> <!-- runThrghTestNG.UsrCrtn_AsgnRole_WrkngGrp -->
    </test> <!-- UsrCrtnAsgnRoleWrkngGrp -->
    <test name="TchrPostsSclGrpGglDoc" duration-ms="202300" started-at="2012-08-30T13:27:03Z" finished-at="2012-08-30T13:30:25Z">
      <class name="runThrghTestNG.TchrPosts_SclGrp_GglDoc">
        <test-method status="PASS" signature="setUp()[pri:0, instance:runThrghTestNG.TchrPosts_SclGrp_GglDoc@56a1e78]" name="setUp" is-config="true" duration-ms="1811" started-at="2012-08-30T13:27:03Z" finished-at="2012-08-30T13:27:05Z">
        </test-method> <!-- setUp -->
        <test-method status="PASS" signature="testTchrLgn()[pri:0, instance:runThrghTestNG.TchrPosts_SclGrp_GglDoc@56a1e78]" name="testTchrLgn" duration-ms="9725" started-at="2012-08-30T13:27:05Z" finished-at="2012-08-30T13:27:14Z">
        </test-method> <!-- testTchrLgn -->
        <test-method status="PASS" signature="testTchrCrtGglDoc()[pri:0, instance:runThrghTestNG.TchrPosts_SclGrp_GglDoc@56a1e78]" name="testTchrCrtGglDoc" duration-ms="20019" started-at="2012-08-30T13:27:14Z" depends-on-methods="runThrghTestNG.TchrPosts_SclGrp_GglDoc.testTchrLgn" finished-at="2012-08-30T13:27:34Z">
        </test-method> <!-- testTchrCrtGglDoc -->
        <test-method status="PASS" signature="testTchrCrtSclGrp()[pri:0, instance:runThrghTestNG.TchrPosts_SclGrp_GglDoc@56a1e78]" name="testTchrCrtSclGrp" duration-ms="13095" started-at="2012-08-30T13:27:34Z" depends-on-methods="runThrghTestNG.TchrPosts_SclGrp_GglDoc.testTchrLgn" finished-at="2012-08-30T13:27:48Z">
        </test-method> <!-- testTchrCrtSclGrp -->
        <test-method status="PASS" signature="testTchrPostsOn_Wall_CrsWall()[pri:0, instance:runThrghTestNG.TchrPosts_SclGrp_GglDoc@56a1e78]" name="testTchrPostsOn_Wall_CrsWall" duration-ms="17554" started-at="2012-08-30T13:27:48Z" depends-on-methods="runThrghTestNG.TchrPosts_SclGrp_GglDoc.testTchrLgn" finished-at="2012-08-30T13:28:05Z">
        </test-method> <!-- testTchrPostsOn_Wall_CrsWall -->
        <test-method status="PASS" signature="testTchrVrfyActivities()[pri:0, instance:runThrghTestNG.TchrPosts_SclGrp_GglDoc@56a1e78]" name="testTchrVrfyActivities" duration-ms="6225" started-at="2012-08-30T13:28:05Z" depends-on-methods="runThrghTestNG.TchrPosts_SclGrp_GglDoc.testTchrLgn" finished-at="2012-08-30T13:28:11Z">
        </test-method> <!-- testTchrVrfyActivities -->
        <test-method status="FAIL" signature="testTchrCrtLvSsn()[pri:0, instance:runThrghTestNG.TchrPosts_SclGrp_GglDoc@56a1e78]" name="testTchrCrtLvSsn" duration-ms="67987" started-at="2012-08-30T13:28:11Z" depends-on-methods="runThrghTestNG.TchrPosts_SclGrp_GglDoc.testTchrCrtSclGrp" finished-at="2012-08-30T13:29:19Z">
          <exception class="org.openqa.selenium.TimeoutException">
            <message>
              <![CDATA[Timed out after 60 seconds waiting for text ('SmkTstLvSsn Aug 30, 2012 1:28 PM') to be present in element found by By.xpath: //td/span[2]
Build info: version: '2.25.0', revision: '17482', time: '2012-07-18 21:09:54'
System info: os.name: 'Mac OS X', os.arch: 'x86_64', os.version: '10.7.4', java.version: '1.7.0_05'
Driver info: driver.version: unknown]]>
            </message>
            <full-stacktrace>
              <![CDATA[org.openqa.selenium.TimeoutException: Timed out after 60 seconds waiting for text ('SmkTstLvSsn Aug 30, 2012 1:28 PM') to be present in element found by By.xpath: //td/span[2]
Build info: version: '2.25.0', revision: '17482', time: '2012-07-18 21:09:54'
System info: os.name: 'Mac OS X', os.arch: 'x86_64', os.version: '10.7.4', java.version: '1.7.0_05'
Driver info: driver.version: unknown
	at org.openqa.selenium.support.ui.FluentWait.timeoutException(FluentWait.java:255)
	at org.openqa.selenium.support.ui.FluentWait.timeoutException(FluentWait.java:270)
	at org.openqa.selenium.support.ui.FluentWait.until(FluentWait.java:222)
	at smoketest.IsPresent.isTextPresentByXPATH(IsPresent.java:24)
	at smoketest.LiveSession.buildLiveSession(LiveSession.java:53)
	at smoketest.Actions.createLiveSsn(Actions.java:35)
	at runThrghTestNG.TchrPosts_SclGrp_GglDoc.testTchrCrtLvSsn(TchrPosts_SclGrp_GglDoc.java:60)
	at sun.reflect.NativeMethodAccessorImpl.invoke0(Native Method)
	at sun.reflect.NativeMethodAccessorImpl.invoke(NativeMethodAccessorImpl.java:57)
	at sun.reflect.DelegatingMethodAccessorImpl.invoke(DelegatingMethodAccessorImpl.java:43)
	at java.lang.reflect.Method.invoke(Method.java:601)
	at org.testng.internal.MethodInvocationHelper.invokeMethod(MethodInvocationHelper.java:80)
	at org.testng.internal.Invoker.invokeMethod(Invoker.java:702)
	at org.testng.internal.Invoker.invokeTestMethod(Invoker.java:894)
	at org.testng.internal.Invoker.invokeTestMethods(Invoker.java:1219)
	at org.testng.internal.TestMethodWorker.invokeTestMethods(TestMethodWorker.java:127)
	at org.testng.internal.TestMethodWorker.run(TestMethodWorker.java:111)
	at org.testng.TestRunner.privateRun(TestRunner.java:768)
	at org.testng.TestRunner.run(TestRunner.java:617)
	at org.testng.SuiteRunner.runTest(SuiteRunner.java:334)
	at org.testng.SuiteRunner.runSequentially(SuiteRunner.java:329)
	at org.testng.SuiteRunner.privateRun(SuiteRunner.java:291)
	at org.testng.SuiteRunner.run(SuiteRunner.java:240)
	at org.testng.SuiteRunnerWorker.runSuite(SuiteRunnerWorker.java:53)
	at org.testng.SuiteRunnerWorker.run(SuiteRunnerWorker.java:87)
	at org.testng.TestNG.runSuitesSequentially(TestNG.java:1188)
	at org.testng.TestNG.runSuitesLocally(TestNG.java:1113)
	at org.testng.TestNG.run(TestNG.java:1025)
	at org.testng.TestNG.privateMain(TestNG.java:1328)
	at org.testng.TestNG.main(TestNG.java:1297)
Caused by: org.openqa.selenium.NoSuchElementException: Unable to locate element: {"method":"xpath","selector":"//td/span[2]"}
Command duration or timeout: 8 milliseconds
For documentation on this error, please visit: http://seleniumhq.org/exceptions/no_such_element.html
Build info: version: '2.25.0', revision: '17482', time: '2012-07-18 21:09:54'
System info: os.name: 'Mac OS X', os.arch: 'x86_64', os.version: '10.7.4', java.version: '1.7.0_05'
Driver info: driver.version: RemoteWebDriver
Session ID: 12880ad6-2195-9043-a174-c37f8502e67f
	at sun.reflect.GeneratedConstructorAccessor13.newInstance(Unknown Source)
	at sun.reflect.DelegatingConstructorAccessorImpl.newInstance(DelegatingConstructorAccessorImpl.java:45)
	at java.lang.reflect.Constructor.newInstance(Constructor.java:525)
	at org.openqa.selenium.remote.ErrorHandler.createThrowable(ErrorHandler.java:188)
	at org.openqa.selenium.remote.ErrorHandler.throwIfResponseFailed(ErrorHandler.java:145)
	at org.openqa.selenium.remote.RemoteWebDriver.execute(RemoteWebDriver.java:498)
	at org.openqa.selenium.remote.RemoteWebDriver.findElement(RemoteWebDriver.java:268)
	at org.openqa.selenium.remote.RemoteWebDriver.findElementByXPath(RemoteWebDriver.java:353)
	at org.openqa.selenium.By$ByXPath.findElement(By.java:343)
	at org.openqa.selenium.remote.RemoteWebDriver.findElement(RemoteWebDriver.java:260)
	at org.openqa.selenium.support.ui.ExpectedConditions.findElement(ExpectedConditions.java:426)
	at org.openqa.selenium.support.ui.ExpectedConditions.access$0(ExpectedConditions.java:424)
	at org.openqa.selenium.support.ui.ExpectedConditions$7.apply(ExpectedConditions.java:200)
	at org.openqa.selenium.support.ui.ExpectedConditions$7.apply(ExpectedConditions.java:1)
	at org.openqa.selenium.support.ui.FluentWait.until(FluentWait.java:201)
	... 27 more
Caused by: org.openqa.selenium.remote.ErrorHandler$UnknownServerException: Unable to locate element: {"method":"xpath","selector":"//td/span[2]"}
Build info: version: '2.25.0', revision: '17482', time: '2012-07-18 21:09:54'
System info: os.name: 'Mac OS X', os.arch: 'x86_64', os.version: '10.7.4', java.version: '1.7.0_05'
Driver info: driver.version: unknown
	at <anonymous class>.<anonymous method>(file:///var/folders/8c/lypc9lzs07n37wy77r7459jx1kgtsj/T/anonymous4344824726031229517webdriver-profile/extensions/fxdriver@googlecode.com/components/driver_component.js:6607)
	at <anonymous class>.<anonymous method>(file:///var/folders/8c/lypc9lzs07n37wy77r7459jx1kgtsj/T/anonymous4344824726031229517webdriver-profile/extensions/fxdriver@googlecode.com/components/driver_component.js:6615)
	at <anonymous class>.<anonymous method>(file:///var/folders/8c/lypc9lzs07n37wy77r7459jx1kgtsj/T/anonymous4344824726031229517webdriver-profile/extensions/fxdriver@googlecode.com/components/command_processor.js:10131)
	at <anonymous class>.<anonymous method>(file:///var/folders/8c/lypc9lzs07n37wy77r7459jx1kgtsj/T/anonymous4344824726031229517webdriver-profile/extensions/fxdriver@googlecode.com/components/command_processor.js:10136)
	at <anonymous class>.<anonymous method>(file:///var/folders/8c/lypc9lzs07n37wy77r7459jx1kgtsj/T/anonymous4344824726031229517webdriver-profile/extensions/fxdriver@googlecode.com/components/command_processor.js:10074)
]]>
            </full-stacktrace>
          </exception> <!-- org.openqa.selenium.TimeoutException -->
        </test-method> <!-- testTchrCrtLvSsn -->
        <test-method status="FAIL" signature="testTchrVrfyURLPsts_TopNews_RcntNews()[pri:0, instance:runThrghTestNG.TchrPosts_SclGrp_GglDoc@56a1e78]" name="testTchrVrfyURLPsts_TopNews_RcntNews" duration-ms="63196" started-at="2012-08-30T13:29:19Z" depends-on-methods="runThrghTestNG.TchrPosts_SclGrp_GglDoc.testTchrPostsOn_Wall_CrsWall" finished-at="2012-08-30T13:30:23Z">
          <exception class="org.openqa.selenium.TimeoutException">
            <message>
              <![CDATA[Timed out after 60 seconds waiting for presence of element located by: By.xpath: //*[contains(text(),'http://urlcrspostbyteacher3008-132330Aug121328.com')]
Build info: version: '2.25.0', revision: '17482', time: '2012-07-18 21:09:54'
System info: os.name: 'Mac OS X', os.arch: 'x86_64', os.version: '10.7.4', java.version: '1.7.0_05'
Driver info: driver.version: unknown]]>
            </message>
            <full-stacktrace>
              <![CDATA[org.openqa.selenium.TimeoutException: Timed out after 60 seconds waiting for presence of element located by: By.xpath: //*[contains(text(),'http://urlcrspostbyteacher3008-132330Aug121328.com')]
Build info: version: '2.25.0', revision: '17482', time: '2012-07-18 21:09:54'
System info: os.name: 'Mac OS X', os.arch: 'x86_64', os.version: '10.7.4', java.version: '1.7.0_05'
Driver info: driver.version: unknown
	at org.openqa.selenium.support.ui.FluentWait.timeoutException(FluentWait.java:255)
	at org.openqa.selenium.support.ui.FluentWait.timeoutException(FluentWait.java:270)
	at org.openqa.selenium.support.ui.FluentWait.until(FluentWait.java:222)
	at smoketest.IsPresent.isElementPresentContainsTextByXPATH(IsPresent.java:28)
	at smoketest.Actions.vrfyURLPstsAsTopNews_RcntNews(Actions.java:265)
	at runThrghTestNG.TchrPosts_SclGrp_GglDoc.testTchrVrfyURLPsts_TopNews_RcntNews(TchrPosts_SclGrp_GglDoc.java:45)
	at sun.reflect.NativeMethodAccessorImpl.invoke0(Native Method)
	at sun.reflect.NativeMethodAccessorImpl.invoke(NativeMethodAccessorImpl.java:57)
	at sun.reflect.DelegatingMethodAccessorImpl.invoke(DelegatingMethodAccessorImpl.java:43)
	at java.lang.reflect.Method.invoke(Method.java:601)
	at org.testng.internal.MethodInvocationHelper.invokeMethod(MethodInvocationHelper.java:80)
	at org.testng.internal.Invoker.invokeMethod(Invoker.java:702)
	at org.testng.internal.Invoker.invokeTestMethod(Invoker.java:894)
	at org.testng.internal.Invoker.invokeTestMethods(Invoker.java:1219)
	at org.testng.internal.TestMethodWorker.invokeTestMethods(TestMethodWorker.java:127)
	at org.testng.internal.TestMethodWorker.run(TestMethodWorker.java:111)
	at org.testng.TestRunner.privateRun(TestRunner.java:768)
	at org.testng.TestRunner.run(TestRunner.java:617)
	at org.testng.SuiteRunner.runTest(SuiteRunner.java:334)
	at org.testng.SuiteRunner.runSequentially(SuiteRunner.java:329)
	at org.testng.SuiteRunner.privateRun(SuiteRunner.java:291)
	at org.testng.SuiteRunner.run(SuiteRunner.java:240)
	at org.testng.SuiteRunnerWorker.runSuite(SuiteRunnerWorker.java:53)
	at org.testng.SuiteRunnerWorker.run(SuiteRunnerWorker.java:87)
	at org.testng.TestNG.runSuitesSequentially(TestNG.java:1188)
	at org.testng.TestNG.runSuitesLocally(TestNG.java:1113)
	at org.testng.TestNG.run(TestNG.java:1025)
	at org.testng.TestNG.privateMain(TestNG.java:1328)
	at org.testng.TestNG.main(TestNG.java:1297)
Caused by: org.openqa.selenium.NoSuchElementException: Unable to locate element: {"method":"xpath","selector":"//*[contains(text(),'http://urlcrspostbyteacher3008-132330Aug121328.com')]"}
Command duration or timeout: 8 milliseconds
For documentation on this error, please visit: http://seleniumhq.org/exceptions/no_such_element.html
Build info: version: '2.25.0', revision: '17482', time: '2012-07-18 21:09:54'
System info: os.name: 'Mac OS X', os.arch: 'x86_64', os.version: '10.7.4', java.version: '1.7.0_05'
Driver info: driver.version: RemoteWebDriver
Session ID: 12880ad6-2195-9043-a174-c37f8502e67f
	at sun.reflect.GeneratedConstructorAccessor13.newInstance(Unknown Source)
	at sun.reflect.DelegatingConstructorAccessorImpl.newInstance(DelegatingConstructorAccessorImpl.java:45)
	at java.lang.reflect.Constructor.newInstance(Constructor.java:525)
	at org.openqa.selenium.remote.ErrorHandler.createThrowable(ErrorHandler.java:188)
	at org.openqa.selenium.remote.ErrorHandler.throwIfResponseFailed(ErrorHandler.java:145)
	at org.openqa.selenium.remote.RemoteWebDriver.execute(RemoteWebDriver.java:498)
	at org.openqa.selenium.remote.RemoteWebDriver.findElement(RemoteWebDriver.java:268)
	at org.openqa.selenium.remote.RemoteWebDriver.findElementByXPath(RemoteWebDriver.java:353)
	at org.openqa.selenium.By$ByXPath.findElement(By.java:343)
	at org.openqa.selenium.remote.RemoteWebDriver.findElement(RemoteWebDriver.java:260)
	at org.openqa.selenium.support.ui.ExpectedConditions.findElement(ExpectedConditions.java:426)
	at org.openqa.selenium.support.ui.ExpectedConditions.access$0(ExpectedConditions.java:424)
	at org.openqa.selenium.support.ui.ExpectedConditions$3.apply(ExpectedConditions.java:103)
	at org.openqa.selenium.support.ui.ExpectedConditions$3.apply(ExpectedConditions.java:1)
	at org.openqa.selenium.support.ui.FluentWait.until(FluentWait.java:201)
	... 26 more
Caused by: org.openqa.selenium.remote.ErrorHandler$UnknownServerException: Unable to locate element: {"method":"xpath","selector":"//*[contains(text(),'http://urlcrspostbyteacher3008-132330Aug121328.com')]"}
Build info: version: '2.25.0', revision: '17482', time: '2012-07-18 21:09:54'
System info: os.name: 'Mac OS X', os.arch: 'x86_64', os.version: '10.7.4', java.version: '1.7.0_05'
Driver info: driver.version: unknown
	at <anonymous class>.<anonymous method>(file:///var/folders/8c/lypc9lzs07n37wy77r7459jx1kgtsj/T/anonymous4344824726031229517webdriver-profile/extensions/fxdriver@googlecode.com/components/driver_component.js:6607)
	at <anonymous class>.<anonymous method>(file:///var/folders/8c/lypc9lzs07n37wy77r7459jx1kgtsj/T/anonymous4344824726031229517webdriver-profile/extensions/fxdriver@googlecode.com/components/driver_component.js:6615)
	at <anonymous class>.<anonymous method>(file:///var/folders/8c/lypc9lzs07n37wy77r7459jx1kgtsj/T/anonymous4344824726031229517webdriver-profile/extensions/fxdriver@googlecode.com/components/command_processor.js:10131)
	at <anonymous class>.<anonymous method>(file:///var/folders/8c/lypc9lzs07n37wy77r7459jx1kgtsj/T/anonymous4344824726031229517webdriver-profile/extensions/fxdriver@googlecode.com/components/command_processor.js:10136)
	at <anonymous class>.<anonymous method>(file:///var/folders/8c/lypc9lzs07n37wy77r7459jx1kgtsj/T/anonymous4344824726031229517webdriver-profile/extensions/fxdriver@googlecode.com/components/command_processor.js:10074)
]]>
            </full-stacktrace>
          </exception> <!-- org.openqa.selenium.TimeoutException -->
        </test-method> <!-- testTchrVrfyURLPsts_TopNews_RcntNews -->
        <test-method status="PASS" signature="tearDown()[pri:0, instance:runThrghTestNG.TchrPosts_SclGrp_GglDoc@56a1e78]" name="tearDown" is-config="true" duration-ms="2633" started-at="2012-08-30T13:30:23Z" finished-at="2012-08-30T13:30:25Z">
        </test-method> <!-- tearDown -->
      </class> <!-- runThrghTestNG.TchrPosts_SclGrp_GglDoc -->
    </test> <!-- TchrPostsSclGrpGglDoc -->
    <test name="StdtPostsSclGrpGglDoc" duration-ms="206703" started-at="2012-08-30T13:30:25Z" finished-at="2012-08-30T13:33:52Z">
      <class name="runThrghTestNG.StdtPosts_SclGrp_GglDoc">
        <test-method status="PASS" signature="setUp()[pri:0, instance:runThrghTestNG.StdtPosts_SclGrp_GglDoc@25f39756]" name="setUp" is-config="true" duration-ms="2417" started-at="2012-08-30T13:30:25Z" finished-at="2012-08-30T13:30:28Z">
        </test-method> <!-- setUp -->
        <test-method status="PASS" signature="testStdtLgn()[pri:0, instance:runThrghTestNG.StdtPosts_SclGrp_GglDoc@25f39756]" name="testStdtLgn" duration-ms="10229" started-at="2012-08-30T13:30:28Z" finished-at="2012-08-30T13:30:38Z">
        </test-method> <!-- testStdtLgn -->
        <test-method status="PASS" signature="testStdtCrtSclGrp()[pri:0, instance:runThrghTestNG.StdtPosts_SclGrp_GglDoc@25f39756]" name="testStdtCrtSclGrp" duration-ms="15946" started-at="2012-08-30T13:30:38Z" depends-on-methods="runThrghTestNG.StdtPosts_SclGrp_GglDoc.testStdtLgn" finished-at="2012-08-30T13:30:54Z">
        </test-method> <!-- testStdtCrtSclGrp -->
        <test-method status="PASS" signature="testStdtJoinsTchrSclGrp()[pri:0, instance:runThrghTestNG.StdtPosts_SclGrp_GglDoc@25f39756]" name="testStdtJoinsTchrSclGrp" duration-ms="16776" started-at="2012-08-30T13:30:54Z" depends-on-methods="runThrghTestNG.StdtPosts_SclGrp_GglDoc.testStdtLgn" finished-at="2012-08-30T13:31:11Z">
        </test-method> <!-- testStdtJoinsTchrSclGrp -->
        <test-method status="PASS" signature="testStdtVrfyActivities()[pri:0, instance:runThrghTestNG.StdtPosts_SclGrp_GglDoc@25f39756]" name="testStdtVrfyActivities" duration-ms="10766" started-at="2012-08-30T13:31:11Z" depends-on-methods="runThrghTestNG.StdtPosts_SclGrp_GglDoc.testStdtLgn" finished-at="2012-08-30T13:31:21Z">
        </test-method> <!-- testStdtVrfyActivities -->
        <test-method status="PASS" signature="testStdtVrfyWrkGrp()[pri:0, instance:runThrghTestNG.StdtPosts_SclGrp_GglDoc@25f39756]" name="testStdtVrfyWrkGrp" duration-ms="10702" started-at="2012-08-30T13:31:21Z" depends-on-methods="runThrghTestNG.StdtPosts_SclGrp_GglDoc.testStdtLgn" finished-at="2012-08-30T13:31:32Z">
        </test-method> <!-- testStdtVrfyWrkGrp -->
        <test-method status="FAIL" signature="testStdtCrtLvSsn()[pri:0, instance:runThrghTestNG.StdtPosts_SclGrp_GglDoc@25f39756]" name="testStdtCrtLvSsn" duration-ms="70732" started-at="2012-08-30T13:31:32Z" depends-on-methods="runThrghTestNG.StdtPosts_SclGrp_GglDoc.testStdtJoinsTchrSclGrp" finished-at="2012-08-30T13:32:43Z">
          <exception class="org.openqa.selenium.TimeoutException">
            <message>
              <![CDATA[Timed out after 60 seconds waiting for text ('SmkTstLvSsnInTchrSclGrpBYStdt Aug 30, 2012 1:31 PM') to be present in element found by By.xpath: //div[2]/div[3]/table/tbody/tr[2]/td/span[2]
Build info: version: '2.25.0', revision: '17482', time: '2012-07-18 21:09:54'
System info: os.name: 'Mac OS X', os.arch: 'x86_64', os.version: '10.7.4', java.version: '1.7.0_05'
Driver info: driver.version: unknown]]>
            </message>
            <full-stacktrace>
              <![CDATA[org.openqa.selenium.TimeoutException: Timed out after 60 seconds waiting for text ('SmkTstLvSsnInTchrSclGrpBYStdt Aug 30, 2012 1:31 PM') to be present in element found by By.xpath: //div[2]/div[3]/table/tbody/tr[2]/td/span[2]
Build info: version: '2.25.0', revision: '17482', time: '2012-07-18 21:09:54'
System info: os.name: 'Mac OS X', os.arch: 'x86_64', os.version: '10.7.4', java.version: '1.7.0_05'
Driver info: driver.version: unknown
	at org.openqa.selenium.support.ui.FluentWait.timeoutException(FluentWait.java:255)
	at org.openqa.selenium.support.ui.FluentWait.timeoutException(FluentWait.java:270)
	at org.openqa.selenium.support.ui.FluentWait.until(FluentWait.java:222)
	at smoketest.IsPresent.isTextPresentByXPATH(IsPresent.java:24)
	at smoketest.LiveSession.buildLiveSession(LiveSession.java:50)
	at smoketest.Actions.createLiveSsn(Actions.java:35)
	at runThrghTestNG.StdtPosts_SclGrp_GglDoc.testStdtCrtLvSsn(StdtPosts_SclGrp_GglDoc.java:56)
	at sun.reflect.NativeMethodAccessorImpl.invoke0(Native Method)
	at sun.reflect.NativeMethodAccessorImpl.invoke(NativeMethodAccessorImpl.java:57)
	at sun.reflect.DelegatingMethodAccessorImpl.invoke(DelegatingMethodAccessorImpl.java:43)
	at java.lang.reflect.Method.invoke(Method.java:601)
	at org.testng.internal.MethodInvocationHelper.invokeMethod(MethodInvocationHelper.java:80)
	at org.testng.internal.Invoker.invokeMethod(Invoker.java:702)
	at org.testng.internal.Invoker.invokeTestMethod(Invoker.java:894)
	at org.testng.internal.Invoker.invokeTestMethods(Invoker.java:1219)
	at org.testng.internal.TestMethodWorker.invokeTestMethods(TestMethodWorker.java:127)
	at org.testng.internal.TestMethodWorker.run(TestMethodWorker.java:111)
	at org.testng.TestRunner.privateRun(TestRunner.java:768)
	at org.testng.TestRunner.run(TestRunner.java:617)
	at org.testng.SuiteRunner.runTest(SuiteRunner.java:334)
	at org.testng.SuiteRunner.runSequentially(SuiteRunner.java:329)
	at org.testng.SuiteRunner.privateRun(SuiteRunner.java:291)
	at org.testng.SuiteRunner.run(SuiteRunner.java:240)
	at org.testng.SuiteRunnerWorker.runSuite(SuiteRunnerWorker.java:53)
	at org.testng.SuiteRunnerWorker.run(SuiteRunnerWorker.java:87)
	at org.testng.TestNG.runSuitesSequentially(TestNG.java:1188)
	at org.testng.TestNG.runSuitesLocally(TestNG.java:1113)
	at org.testng.TestNG.run(TestNG.java:1025)
	at org.testng.TestNG.privateMain(TestNG.java:1328)
	at org.testng.TestNG.main(TestNG.java:1297)
Caused by: org.openqa.selenium.NoSuchElementException: Unable to locate element: {"method":"xpath","selector":"//div[2]/div[3]/table/tbody/tr[2]/td/span[2]"}
Command duration or timeout: 8 milliseconds
For documentation on this error, please visit: http://seleniumhq.org/exceptions/no_such_element.html
Build info: version: '2.25.0', revision: '17482', time: '2012-07-18 21:09:54'
System info: os.name: 'Mac OS X', os.arch: 'x86_64', os.version: '10.7.4', java.version: '1.7.0_05'
Driver info: driver.version: RemoteWebDriver
Session ID: 293a47f7-4313-ce43-b0f1-c2eb65defad6
	at sun.reflect.GeneratedConstructorAccessor13.newInstance(Unknown Source)
	at sun.reflect.DelegatingConstructorAccessorImpl.newInstance(DelegatingConstructorAccessorImpl.java:45)
	at java.lang.reflect.Constructor.newInstance(Constructor.java:525)
	at org.openqa.selenium.remote.ErrorHandler.createThrowable(ErrorHandler.java:188)
	at org.openqa.selenium.remote.ErrorHandler.throwIfResponseFailed(ErrorHandler.java:145)
	at org.openqa.selenium.remote.RemoteWebDriver.execute(RemoteWebDriver.java:498)
	at org.openqa.selenium.remote.RemoteWebDriver.findElement(RemoteWebDriver.java:268)
	at org.openqa.selenium.remote.RemoteWebDriver.findElementByXPath(RemoteWebDriver.java:353)
	at org.openqa.selenium.By$ByXPath.findElement(By.java:343)
	at org.openqa.selenium.remote.RemoteWebDriver.findElement(RemoteWebDriver.java:260)
	at org.openqa.selenium.support.ui.ExpectedConditions.findElement(ExpectedConditions.java:426)
	at org.openqa.selenium.support.ui.ExpectedConditions.access$0(ExpectedConditions.java:424)
	at org.openqa.selenium.support.ui.ExpectedConditions$7.apply(ExpectedConditions.java:200)
	at org.openqa.selenium.support.ui.ExpectedConditions$7.apply(ExpectedConditions.java:1)
	at org.openqa.selenium.support.ui.FluentWait.until(FluentWait.java:201)
	... 27 more
Caused by: org.openqa.selenium.remote.ErrorHandler$UnknownServerException: Unable to locate element: {"method":"xpath","selector":"//div[2]/div[3]/table/tbody/tr[2]/td/span[2]"}
Build info: version: '2.25.0', revision: '17482', time: '2012-07-18 21:09:54'
System info: os.name: 'Mac OS X', os.arch: 'x86_64', os.version: '10.7.4', java.version: '1.7.0_05'
Driver info: driver.version: unknown
	at <anonymous class>.<anonymous method>(file:///var/folders/8c/lypc9lzs07n37wy77r7459jx1kgtsj/T/anonymous4222287174634727347webdriver-profile/extensions/fxdriver@googlecode.com/components/driver_component.js:6607)
	at <anonymous class>.<anonymous method>(file:///var/folders/8c/lypc9lzs07n37wy77r7459jx1kgtsj/T/anonymous4222287174634727347webdriver-profile/extensions/fxdriver@googlecode.com/components/driver_component.js:6615)
	at <anonymous class>.<anonymous method>(file:///var/folders/8c/lypc9lzs07n37wy77r7459jx1kgtsj/T/anonymous4222287174634727347webdriver-profile/extensions/fxdriver@googlecode.com/components/command_processor.js:10131)
	at <anonymous class>.<anonymous method>(file:///var/folders/8c/lypc9lzs07n37wy77r7459jx1kgtsj/T/anonymous4222287174634727347webdriver-profile/extensions/fxdriver@googlecode.com/components/command_processor.js:10136)
	at <anonymous class>.<anonymous method>(file:///var/folders/8c/lypc9lzs07n37wy77r7459jx1kgtsj/T/anonymous4222287174634727347webdriver-profile/extensions/fxdriver@googlecode.com/components/command_processor.js:10074)
]]>
            </full-stacktrace>
          </exception> <!-- org.openqa.selenium.TimeoutException -->
        </test-method> <!-- testStdtCrtLvSsn -->
        <test-method status="FAIL" signature="testStdtPostURLOnTchrSclGrp()[pri:0, instance:runThrghTestNG.StdtPosts_SclGrp_GglDoc@25f39756]" name="testStdtPostURLOnTchrSclGrp" duration-ms="66358" started-at="2012-08-30T13:32:43Z" depends-on-methods="runThrghTestNG.StdtPosts_SclGrp_GglDoc.testStdtJoinsTchrSclGrp" finished-at="2012-08-30T13:33:49Z">
          <exception class="org.openqa.selenium.TimeoutException">
            <message>
              <![CDATA[Timed out after 60 seconds waiting for element to be clickable: By.xpath: //*[@id='wall_publisher_btn']/tbody/tr[2]/td[2]/em/button
Build info: version: '2.25.0', revision: '17482', time: '2012-07-18 21:09:54'
System info: os.name: 'Mac OS X', os.arch: 'x86_64', os.version: '10.7.4', java.version: '1.7.0_05'
Driver info: driver.version: unknown]]>
            </message>
            <full-stacktrace>
              <![CDATA[org.openqa.selenium.TimeoutException: Timed out after 60 seconds waiting for element to be clickable: By.xpath: //*[@id='wall_publisher_btn']/tbody/tr[2]/td[2]/em/button
Build info: version: '2.25.0', revision: '17482', time: '2012-07-18 21:09:54'
System info: os.name: 'Mac OS X', os.arch: 'x86_64', os.version: '10.7.4', java.version: '1.7.0_05'
Driver info: driver.version: unknown
	at org.openqa.selenium.support.ui.FluentWait.timeoutException(FluentWait.java:255)
	at org.openqa.selenium.support.ui.FluentWait.timeoutException(FluentWait.java:270)
	at org.openqa.selenium.support.ui.FluentWait.until(FluentWait.java:222)
	at smoketest.WallPage.setUpWallPost(WallPage.java:78)
	at smoketest.WallPage.urlPost(WallPage.java:55)
	at smoketest.Actions.urlPost(Actions.java:29)
	at runThrghTestNG.StdtPosts_SclGrp_GglDoc.testStdtPostURLOnTchrSclGrp(StdtPosts_SclGrp_GglDoc.java:47)
	at sun.reflect.NativeMethodAccessorImpl.invoke0(Native Method)
	at sun.reflect.NativeMethodAccessorImpl.invoke(NativeMethodAccessorImpl.java:57)
	at sun.reflect.DelegatingMethodAccessorImpl.invoke(DelegatingMethodAccessorImpl.java:43)
	at java.lang.reflect.Method.invoke(Method.java:601)
	at org.testng.internal.MethodInvocationHelper.invokeMethod(MethodInvocationHelper.java:80)
	at org.testng.internal.Invoker.invokeMethod(Invoker.java:702)
	at org.testng.internal.Invoker.invokeTestMethod(Invoker.java:894)
	at org.testng.internal.Invoker.invokeTestMethods(Invoker.java:1219)
	at org.testng.internal.TestMethodWorker.invokeTestMethods(TestMethodWorker.java:127)
	at org.testng.internal.TestMethodWorker.run(TestMethodWorker.java:111)
	at org.testng.TestRunner.privateRun(TestRunner.java:768)
	at org.testng.TestRunner.run(TestRunner.java:617)
	at org.testng.SuiteRunner.runTest(SuiteRunner.java:334)
	at org.testng.SuiteRunner.runSequentially(SuiteRunner.java:329)
	at org.testng.SuiteRunner.privateRun(SuiteRunner.java:291)
	at org.testng.SuiteRunner.run(SuiteRunner.java:240)
	at org.testng.SuiteRunnerWorker.runSuite(SuiteRunnerWorker.java:53)
	at org.testng.SuiteRunnerWorker.run(SuiteRunnerWorker.java:87)
	at org.testng.TestNG.runSuitesSequentially(TestNG.java:1188)
	at org.testng.TestNG.runSuitesLocally(TestNG.java:1113)
	at org.testng.TestNG.run(TestNG.java:1025)
	at org.testng.TestNG.privateMain(TestNG.java:1328)
	at org.testng.TestNG.main(TestNG.java:1297)
]]>
            </full-stacktrace>
          </exception> <!-- org.openqa.selenium.TimeoutException -->
        </test-method> <!-- testStdtPostURLOnTchrSclGrp -->
        <test-method status="PASS" signature="tearDown()[pri:0, instance:runThrghTestNG.StdtPosts_SclGrp_GglDoc@25f39756]" name="tearDown" is-config="true" duration-ms="2765" started-at="2012-08-30T13:33:49Z" finished-at="2012-08-30T13:33:52Z">
        </test-method> <!-- tearDown -->
        <test-method status="SKIP" signature="testStdtVrfyURLPsts_TopNews_RcntNews()[pri:0, instance:runThrghTestNG.StdtPosts_SclGrp_GglDoc@25f39756]" name="testStdtVrfyURLPsts_TopNews_RcntNews" duration-ms="0" started-at="2012-08-30T13:33:49Z" depends-on-methods="runThrghTestNG.StdtPosts_SclGrp_GglDoc.testStdtPostURLOnTchrSclGrp" finished-at="2012-08-30T13:33:49Z">
        </test-method> <!-- testStdtVrfyURLPsts_TopNews_RcntNews -->
      </class> <!-- runThrghTestNG.StdtPosts_SclGrp_GglDoc -->
    </test> <!-- StdtPostsSclGrpGglDoc -->
    <test name="TchrJoinDeleteSclGrp" duration-ms="103356" started-at="2012-08-30T13:33:52Z" finished-at="2012-08-30T13:35:35Z">
      <class name="runThrghTestNG.TchrJoin_Delete_SclGrp">
        <test-method status="PASS" signature="setUp()[pri:0, instance:runThrghTestNG.TchrJoin_Delete_SclGrp@4bf329a4]" name="setUp" is-config="true" duration-ms="2409" started-at="2012-08-30T13:33:52Z" finished-at="2012-08-30T13:33:54Z">
        </test-method> <!-- setUp -->
        <test-method status="PASS" signature="testTchrLgn()[pri:0, instance:runThrghTestNG.TchrJoin_Delete_SclGrp@4bf329a4]" name="testTchrLgn" duration-ms="8881" started-at="2012-08-30T13:33:54Z" finished-at="2012-08-30T13:34:03Z">
        </test-method> <!-- testTchrLgn -->
        <test-method status="PASS" signature="testTchrDeleteSclGrp()[pri:0, instance:runThrghTestNG.TchrJoin_Delete_SclGrp@4bf329a4]" name="testTchrDeleteSclGrp" duration-ms="8106" started-at="2012-08-30T13:34:03Z" depends-on-methods="runThrghTestNG.TchrJoin_Delete_SclGrp.testTchrLgn" finished-at="2012-08-30T13:34:11Z">
        </test-method> <!-- testTchrDeleteSclGrp -->
        <test-method status="PASS" signature="testTchrJoinsStdtSclGrp()[pri:0, instance:runThrghTestNG.TchrJoin_Delete_SclGrp@4bf329a4]" name="testTchrJoinsStdtSclGrp" duration-ms="14236" started-at="2012-08-30T13:34:11Z" depends-on-methods="runThrghTestNG.TchrJoin_Delete_SclGrp.testTchrLgn" finished-at="2012-08-30T13:34:26Z">
        </test-method> <!-- testTchrJoinsStdtSclGrp -->
        <test-method status="FAIL" signature="testTchrVrfyURLPsts_TopNews_RcntNews()[pri:0, instance:runThrghTestNG.TchrJoin_Delete_SclGrp@4bf329a4]" name="testTchrVrfyURLPsts_TopNews_RcntNews" duration-ms="62746" started-at="2012-08-30T13:34:26Z" depends-on-methods="runThrghTestNG.TchrJoin_Delete_SclGrp.testTchrLgn" finished-at="2012-08-30T13:35:28Z">
          <exception class="org.openqa.selenium.TimeoutException">
            <message>
              <![CDATA[Timed out after 60 seconds waiting for presence of element located by: By.xpath: //*[contains(text(),'http://urlcrspostbyteacher3008-132330Aug121328.com')]
Build info: version: '2.25.0', revision: '17482', time: '2012-07-18 21:09:54'
System info: os.name: 'Mac OS X', os.arch: 'x86_64', os.version: '10.7.4', java.version: '1.7.0_05'
Driver info: driver.version: unknown]]>
            </message>
            <full-stacktrace>
              <![CDATA[org.openqa.selenium.TimeoutException: Timed out after 60 seconds waiting for presence of element located by: By.xpath: //*[contains(text(),'http://urlcrspostbyteacher3008-132330Aug121328.com')]
Build info: version: '2.25.0', revision: '17482', time: '2012-07-18 21:09:54'
System info: os.name: 'Mac OS X', os.arch: 'x86_64', os.version: '10.7.4', java.version: '1.7.0_05'
Driver info: driver.version: unknown
	at org.openqa.selenium.support.ui.FluentWait.timeoutException(FluentWait.java:255)
	at org.openqa.selenium.support.ui.FluentWait.timeoutException(FluentWait.java:270)
	at org.openqa.selenium.support.ui.FluentWait.until(FluentWait.java:222)
	at smoketest.IsPresent.isElementPresentContainsTextByXPATH(IsPresent.java:28)
	at smoketest.Actions.vrfyURLPstsAsTopNews_RcntNews(Actions.java:265)
	at runThrghTestNG.TchrJoin_Delete_SclGrp.testTchrVrfyURLPsts_TopNews_RcntNews(TchrJoin_Delete_SclGrp.java:42)
	at sun.reflect.NativeMethodAccessorImpl.invoke0(Native Method)
	at sun.reflect.NativeMethodAccessorImpl.invoke(NativeMethodAccessorImpl.java:57)
	at sun.reflect.DelegatingMethodAccessorImpl.invoke(DelegatingMethodAccessorImpl.java:43)
	at java.lang.reflect.Method.invoke(Method.java:601)
	at org.testng.internal.MethodInvocationHelper.invokeMethod(MethodInvocationHelper.java:80)
	at org.testng.internal.Invoker.invokeMethod(Invoker.java:702)
	at org.testng.internal.Invoker.invokeTestMethod(Invoker.java:894)
	at org.testng.internal.Invoker.invokeTestMethods(Invoker.java:1219)
	at org.testng.internal.TestMethodWorker.invokeTestMethods(TestMethodWorker.java:127)
	at org.testng.internal.TestMethodWorker.run(TestMethodWorker.java:111)
	at org.testng.TestRunner.privateRun(TestRunner.java:768)
	at org.testng.TestRunner.run(TestRunner.java:617)
	at org.testng.SuiteRunner.runTest(SuiteRunner.java:334)
	at org.testng.SuiteRunner.runSequentially(SuiteRunner.java:329)
	at org.testng.SuiteRunner.privateRun(SuiteRunner.java:291)
	at org.testng.SuiteRunner.run(SuiteRunner.java:240)
	at org.testng.SuiteRunnerWorker.runSuite(SuiteRunnerWorker.java:53)
	at org.testng.SuiteRunnerWorker.run(SuiteRunnerWorker.java:87)
	at org.testng.TestNG.runSuitesSequentially(TestNG.java:1188)
	at org.testng.TestNG.runSuitesLocally(TestNG.java:1113)
	at org.testng.TestNG.run(TestNG.java:1025)
	at org.testng.TestNG.privateMain(TestNG.java:1328)
	at org.testng.TestNG.main(TestNG.java:1297)
Caused by: org.openqa.selenium.NoSuchElementException: Unable to locate element: {"method":"xpath","selector":"//*[contains(text(),'http://urlcrspostbyteacher3008-132330Aug121328.com')]"}
Command duration or timeout: 8 milliseconds
For documentation on this error, please visit: http://seleniumhq.org/exceptions/no_such_element.html
Build info: version: '2.25.0', revision: '17482', time: '2012-07-18 21:09:54'
System info: os.name: 'Mac OS X', os.arch: 'x86_64', os.version: '10.7.4', java.version: '1.7.0_05'
Driver info: driver.version: RemoteWebDriver
Session ID: 6c3863a8-0878-c04c-a25f-c3a229dca0bd
	at sun.reflect.GeneratedConstructorAccessor13.newInstance(Unknown Source)
	at sun.reflect.DelegatingConstructorAccessorImpl.newInstance(DelegatingConstructorAccessorImpl.java:45)
	at java.lang.reflect.Constructor.newInstance(Constructor.java:525)
	at org.openqa.selenium.remote.ErrorHandler.createThrowable(ErrorHandler.java:188)
	at org.openqa.selenium.remote.ErrorHandler.throwIfResponseFailed(ErrorHandler.java:145)
	at org.openqa.selenium.remote.RemoteWebDriver.execute(RemoteWebDriver.java:498)
	at org.openqa.selenium.remote.RemoteWebDriver.findElement(RemoteWebDriver.java:268)
	at org.openqa.selenium.remote.RemoteWebDriver.findElementByXPath(RemoteWebDriver.java:353)
	at org.openqa.selenium.By$ByXPath.findElement(By.java:343)
	at org.openqa.selenium.remote.RemoteWebDriver.findElement(RemoteWebDriver.java:260)
	at org.openqa.selenium.support.ui.ExpectedConditions.findElement(ExpectedConditions.java:426)
	at org.openqa.selenium.support.ui.ExpectedConditions.access$0(ExpectedConditions.java:424)
	at org.openqa.selenium.support.ui.ExpectedConditions$3.apply(ExpectedConditions.java:103)
	at org.openqa.selenium.support.ui.ExpectedConditions$3.apply(ExpectedConditions.java:1)
	at org.openqa.selenium.support.ui.FluentWait.until(FluentWait.java:201)
	... 26 more
Caused by: org.openqa.selenium.remote.ErrorHandler$UnknownServerException: Unable to locate element: {"method":"xpath","selector":"//*[contains(text(),'http://urlcrspostbyteacher3008-132330Aug121328.com')]"}
Build info: version: '2.25.0', revision: '17482', time: '2012-07-18 21:09:54'
System info: os.name: 'Mac OS X', os.arch: 'x86_64', os.version: '10.7.4', java.version: '1.7.0_05'
Driver info: driver.version: unknown
	at <anonymous class>.<anonymous method>(file:///var/folders/8c/lypc9lzs07n37wy77r7459jx1kgtsj/T/anonymous8219905416821675399webdriver-profile/extensions/fxdriver@googlecode.com/components/driver_component.js:6607)
	at <anonymous class>.<anonymous method>(file:///var/folders/8c/lypc9lzs07n37wy77r7459jx1kgtsj/T/anonymous8219905416821675399webdriver-profile/extensions/fxdriver@googlecode.com/components/driver_component.js:6615)
	at <anonymous class>.<anonymous method>(file:///var/folders/8c/lypc9lzs07n37wy77r7459jx1kgtsj/T/anonymous8219905416821675399webdriver-profile/extensions/fxdriver@googlecode.com/components/command_processor.js:10131)
	at <anonymous class>.<anonymous method>(file:///var/folders/8c/lypc9lzs07n37wy77r7459jx1kgtsj/T/anonymous8219905416821675399webdriver-profile/extensions/fxdriver@googlecode.com/components/command_processor.js:10136)
	at <anonymous class>.<anonymous method>(file:///var/folders/8c/lypc9lzs07n37wy77r7459jx1kgtsj/T/anonymous8219905416821675399webdriver-profile/extensions/fxdriver@googlecode.com/components/command_processor.js:10074)
]]>
            </full-stacktrace>
          </exception> <!-- org.openqa.selenium.TimeoutException -->
        </test-method> <!-- testTchrVrfyURLPsts_TopNews_RcntNews -->
        <test-method status="PASS" signature="testTchrLeavesStdtSclGrp()[pri:0, instance:runThrghTestNG.TchrJoin_Delete_SclGrp@4bf329a4]" name="testTchrLeavesStdtSclGrp" duration-ms="5217" started-at="2012-08-30T13:35:28Z" depends-on-methods="runThrghTestNG.TchrJoin_Delete_SclGrp.testTchrJoinsStdtSclGrp" finished-at="2012-08-30T13:35:34Z">
        </test-method> <!-- testTchrLeavesStdtSclGrp -->
        <test-method status="PASS" signature="tearDown()[pri:0, instance:runThrghTestNG.TchrJoin_Delete_SclGrp@4bf329a4]" name="tearDown" is-config="true" duration-ms="1755" started-at="2012-08-30T13:35:34Z" finished-at="2012-08-30T13:35:35Z">
        </test-method> <!-- tearDown -->
      </class> <!-- runThrghTestNG.TchrJoin_Delete_SclGrp -->
    </test> <!-- TchrJoinDeleteSclGrp -->
  </suite> <!-- 2GU-Stgn-SmokeTest -->
</testng-results>
