<?xml version="1.0" encoding="UTF-8"?>
<!-- Generated by org.testng.reporters.JUnitXMLReporter -->
<testsuite hostname="C02HWNR3DTY3.local" name="StdtPostsSclGrpGglDoc" tests="8" failures="2" timestamp="30 Aug 2012 17:33:52 GMT" time="206.703" errors="0">
  <testcase name="testStdtLgn" time="10.229" classname="runThrghTestNG.StdtPosts_SclGrp_GglDoc"/>
  <testcase name="testStdtCrtSclGrp" time="15.946" classname="runThrghTestNG.StdtPosts_SclGrp_GglDoc"/>
  <testcase name="testStdtJoinsTchrSclGrp" time="16.776" classname="runThrghTestNG.StdtPosts_SclGrp_GglDoc"/>
  <testcase name="testStdtVrfyActivities" time="10.766" classname="runThrghTestNG.StdtPosts_SclGrp_GglDoc"/>
  <testcase name="testStdtVrfyWrkGrp" time="10.702" classname="runThrghTestNG.StdtPosts_SclGrp_GglDoc"/>
  <testcase name="testStdtCrtLvSsn" time="70.732" classname="runThrghTestNG.StdtPosts_SclGrp_GglDoc">
    <failure type="org.openqa.selenium.TimeoutException" message="Timed out after 60 seconds waiting for text (&amp;apos;SmkTstLvSsnInTchrSclGrpBYStdt Aug 30, 2012 1:31 PM&amp;apos;) to be present in element found by By.xpath: //div[2]/div[3]/table/tbody/tr[2]/td/span[2]
Build info: version: &amp;apos;2.25.0&amp;apos;, revision: &amp;apos;17482&amp;apos;, time: &amp;apos;2012-07-18 21:09:54&amp;apos;
System info: os.name: &amp;apos;Mac OS X&amp;apos;, os.arch: &amp;apos;x86_64&amp;apos;, os.version: &amp;apos;10.7.4&amp;apos;, java.version: &amp;apos;1.7.0_05&amp;apos;
Driver info: driver.version: unknown">
      <![CDATA[org.openqa.selenium.TimeoutException: Timed out after 60 seconds waiting for text ('SmkTstLvSsnInTchrSclGrpBYStdt Aug 30, 2012 1:31 PM') to be present in element found by By.xpath: //div[2]/div[3]/table/tbody/tr[2]/td/span[2]
Build info: version: '2.25.0', revision: '17482', time: '2012-07-18 21:09:54'
System info: os.name: 'Mac OS X', os.arch: 'x86_64', os.version: '10.7.4', java.version: '1.7.0_05'
Driver info: driver.version: unknown
	at org.openqa.selenium.support.ui.FluentWait.timeoutException(FluentWait.java:255)
	at org.openqa.selenium.support.ui.FluentWait.timeoutException(FluentWait.java:270)
	at org.openqa.selenium.support.ui.FluentWait.until(FluentWait.java:222)
	at smoketest.IsPresent.isTextPresentByXPATH(IsPresent.java:24)
	at smoketest.LiveSession.buildLiveSession(LiveSession.java:50)
	at smoketest.Actions.createLiveSsn(Actions.java:35)
	at runThrghTestNG.StdtPosts_SclGrp_GglDoc.testStdtCrtLvSsn(StdtPosts_SclGrp_GglDoc.java:56)
Caused by: org.openqa.selenium.NoSuchElementException: Unable to locate element: {"method":"xpath","selector":"//div[2]/div[3]/table/tbody/tr[2]/td/span[2]"}
Command duration or timeout: 8 milliseconds
For documentation on this error, please visit: http://seleniumhq.org/exceptions/no_such_element.html
Build info: version: '2.25.0', revision: '17482', time: '2012-07-18 21:09:54'
System info: os.name: 'Mac OS X', os.arch: 'x86_64', os.version: '10.7.4', java.version: '1.7.0_05'
Driver info: driver.version: RemoteWebDriver
Session ID: 293a47f7-4313-ce43-b0f1-c2eb65defad6
	at org.openqa.selenium.remote.ErrorHandler.createThrowable(ErrorHandler.java:188)
	at org.openqa.selenium.remote.ErrorHandler.throwIfResponseFailed(ErrorHandler.java:145)
	at org.openqa.selenium.remote.RemoteWebDriver.execute(RemoteWebDriver.java:498)
	at org.openqa.selenium.remote.RemoteWebDriver.findElement(RemoteWebDriver.java:268)
	at org.openqa.selenium.remote.RemoteWebDriver.findElementByXPath(RemoteWebDriver.java:353)
	at org.openqa.selenium.By$ByXPath.findElement(By.java:343)
	at org.openqa.selenium.remote.RemoteWebDriver.findElement(RemoteWebDriver.java:260)
	at org.openqa.selenium.support.ui.ExpectedConditions.findElement(ExpectedConditions.java:426)
	at org.openqa.selenium.support.ui.ExpectedConditions.access$0(ExpectedConditions.java:424)
	at org.openqa.selenium.support.ui.ExpectedConditions$7.apply(ExpectedConditions.java:200)
	at org.openqa.selenium.support.ui.ExpectedConditions$7.apply(ExpectedConditions.java:1)
	at org.openqa.selenium.support.ui.FluentWait.until(FluentWait.java:201)
	... 27 more
Caused by: org.openqa.selenium.remote.ErrorHandler$UnknownServerException: Unable to locate element: {"method":"xpath","selector":"//div[2]/div[3]/table/tbody/tr[2]/td/span[2]"}
Build info: version: '2.25.0', revision: '17482', time: '2012-07-18 21:09:54'
System info: os.name: 'Mac OS X', os.arch: 'x86_64', os.version: '10.7.4', java.version: '1.7.0_05'
Driver info: driver.version: unknown
	at <anonymous class>.<anonymous method>(file:///var/folders/8c/lypc9lzs07n37wy77r7459jx1kgtsj/T/anonymous4222287174634727347webdriver-profile/extensions/fxdriver@googlecode.com/components/driver_component.js:6607)
	at <anonymous class>.<anonymous method>(file:///var/folders/8c/lypc9lzs07n37wy77r7459jx1kgtsj/T/anonymous4222287174634727347webdriver-profile/extensions/fxdriver@googlecode.com/components/driver_component.js:6615)
	at <anonymous class>.<anonymous method>(file:///var/folders/8c/lypc9lzs07n37wy77r7459jx1kgtsj/T/anonymous4222287174634727347webdriver-profile/extensions/fxdriver@googlecode.com/components/command_processor.js:10131)
	at <anonymous class>.<anonymous method>(file:///var/folders/8c/lypc9lzs07n37wy77r7459jx1kgtsj/T/anonymous4222287174634727347webdriver-profile/extensions/fxdriver@googlecode.com/components/command_processor.js:10136)
	at <anonymous class>.<anonymous method>(file:///var/folders/8c/lypc9lzs07n37wy77r7459jx1kgtsj/T/anonymous4222287174634727347webdriver-profile/extensions/fxdriver@googlecode.com/components/command_processor.js:10074)
... Removed 26 stack frames]]>
    </failure>
  </testcase> <!-- testStdtCrtLvSsn -->
  <testcase name="testStdtPostURLOnTchrSclGrp" time="66.358" classname="runThrghTestNG.StdtPosts_SclGrp_GglDoc">
    <failure type="org.openqa.selenium.TimeoutException" message="Timed out after 60 seconds waiting for element to be clickable: By.xpath: //*[@id=&amp;apos;wall_publisher_btn&amp;apos;]/tbody/tr[2]/td[2]/em/button
Build info: version: &amp;apos;2.25.0&amp;apos;, revision: &amp;apos;17482&amp;apos;, time: &amp;apos;2012-07-18 21:09:54&amp;apos;
System info: os.name: &amp;apos;Mac OS X&amp;apos;, os.arch: &amp;apos;x86_64&amp;apos;, os.version: &amp;apos;10.7.4&amp;apos;, java.version: &amp;apos;1.7.0_05&amp;apos;
Driver info: driver.version: unknown">
      <![CDATA[org.openqa.selenium.TimeoutException: Timed out after 60 seconds waiting for element to be clickable: By.xpath: //*[@id='wall_publisher_btn']/tbody/tr[2]/td[2]/em/button
Build info: version: '2.25.0', revision: '17482', time: '2012-07-18 21:09:54'
System info: os.name: 'Mac OS X', os.arch: 'x86_64', os.version: '10.7.4', java.version: '1.7.0_05'
Driver info: driver.version: unknown
	at org.openqa.selenium.support.ui.FluentWait.timeoutException(FluentWait.java:255)
	at org.openqa.selenium.support.ui.FluentWait.timeoutException(FluentWait.java:270)
	at org.openqa.selenium.support.ui.FluentWait.until(FluentWait.java:222)
	at smoketest.WallPage.setUpWallPost(WallPage.java:78)
	at smoketest.WallPage.urlPost(WallPage.java:55)
	at smoketest.Actions.urlPost(Actions.java:29)
	at runThrghTestNG.StdtPosts_SclGrp_GglDoc.testStdtPostURLOnTchrSclGrp(StdtPosts_SclGrp_GglDoc.java:47)
... Removed 23 stack frames]]>
    </failure>
  </testcase> <!-- testStdtPostURLOnTchrSclGrp -->
  <testcase name="testStdtVrfyURLPsts_TopNews_RcntNews" time="0.0" classname="runThrghTestNG.StdtPosts_SclGrp_GglDoc">
    <skipped/>
  </testcase> <!-- testStdtVrfyURLPsts_TopNews_RcntNews -->
</testsuite> <!-- StdtPostsSclGrpGglDoc -->
