<html>
<head>
<title>TestNG:  StdtPostsSclGrpGglDoc</title>
<link href="../testng.css" rel="stylesheet" type="text/css" />
<link href="../my-testng.css" rel="stylesheet" type="text/css" />

<style type="text/css">
.log { display: none;} 
.stack-trace { display: none;} 
</style>
<script type="text/javascript">
<!--
function flip(e) {
  current = e.style.display;
  if (current == 'block') {
    e.style.display = 'none';
    return 0;
  }
  else {
    e.style.display = 'block';
    return 1;
  }
}

function toggleBox(szDivId, elem, msg1, msg2)
{
  var res = -1;  if (document.getElementById) {
    res = flip(document.getElementById(szDivId));
  }
  else if (document.all) {
    // this is the way old msie versions work
    res = flip(document.all[szDivId]);
  }
  if(elem) {
    if(res == 0) elem.innerHTML = msg1; else elem.innerHTML = msg2;
  }

}

function toggleAllBoxes() {
  if (document.getElementsByTagName) {
    d = document.getElementsByTagName('div');
    for (i = 0; i < d.length; i++) {
      if (d[i].className == 'log') {
        flip(d[i]);
      }
    }
  }
}

// -->
</script>

</head>
<body>
<h2 align='center'>StdtPostsSclGrpGglDoc</h2><table border='1' align="center">
<tr>
<td>Tests passed/Failed/Skipped:</td><td>5/2/1</td>
</tr><tr>
<td>Started on:</td><td>Thu Aug 30 13:30:25 EDT 2012</td>
</tr>
<tr><td>Total time:</td><td>206 seconds (206703 ms)</td>
</tr><tr>
<td>Included groups:</td><td></td>
</tr><tr>
<td>Excluded groups:</td><td></td>
</tr>
</table><p/>
<small><i>(Hover the method name to see the test class name)</i></small><p/>
<table width='100%' border='1' class='invocation-failed'>
<tr><td colspan='4' align='center'><b>FAILED TESTS</b></td></tr>
<tr><td><b>Test method</b></td>
<td width="30%"><b>Exception</b></td>
<td width="10%"><b>Time (seconds)</b></td>
<td><b>Instance</b></td>
</tr>
<tr>
<td title='runThrghTestNG.StdtPosts_SclGrp_GglDoc.testStdtCrtLvSsn()'><b>testStdtCrtLvSsn</b><br>Test class: runThrghTestNG.StdtPosts_SclGrp_GglDoc</td>
<td><div><pre>org.openqa.selenium.TimeoutException: Timed out after 60 seconds waiting for text (&apos;SmkTstLvSsnInTchrSclGrpBYStdt Aug 30, 2012 1:31 PM&apos;) to be present in element found by By.xpath: //div[2]/div[3]/table/tbody/tr[2]/td/span[2]
Build info: version: &apos;2.25.0&apos;, revision: &apos;17482&apos;, time: &apos;2012-07-18 21:09:54&apos;
System info: os.name: &apos;Mac OS X&apos;, os.arch: &apos;x86_64&apos;, os.version: &apos;10.7.4&apos;, java.version: &apos;1.7.0_05&apos;
Driver info: driver.version: unknown
	at org.openqa.selenium.support.ui.FluentWait.timeoutException(FluentWait.java:255)
	at org.openqa.selenium.support.ui.FluentWait.timeoutException(FluentWait.java:270)
	at org.openqa.selenium.support.ui.FluentWait.until(FluentWait.java:222)
	at smoketest.IsPresent.isTextPresentByXPATH(IsPresent.java:24)
	at smoketest.LiveSession.buildLiveSession(LiveSession.java:50)
	at smoketest.Actions.createLiveSsn(Actions.java:35)
	at runThrghTestNG.StdtPosts_SclGrp_GglDoc.testStdtCrtLvSsn(StdtPosts_SclGrp_GglDoc.java:56)
Caused by: org.openqa.selenium.NoSuchElementException: Unable to locate element: {&quot;method&quot;:&quot;xpath&quot;,&quot;selector&quot;:&quot;//div[2]/div[3]/table/tbody/tr[2]/td/span[2]&quot;}
Command duration or timeout: 8 milliseconds
For documentation on this error, please visit: http://seleniumhq.org/exceptions/no_such_element.html
Build info: version: &apos;2.25.0&apos;, revision: &apos;17482&apos;, time: &apos;2012-07-18 21:09:54&apos;
System info: os.name: &apos;Mac OS X&apos;, os.arch: &apos;x86_64&apos;, os.version: &apos;10.7.4&apos;, java.version: &apos;1.7.0_05&apos;
Driver info: driver.version: RemoteWebDriver
Session ID: 293a47f7-4313-ce43-b0f1-c2eb65defad6
	at org.openqa.selenium.remote.ErrorHandler.createThrowable(ErrorHandler.java:188)
	at org.openqa.selenium.remote.ErrorHandler.throwIfResponseFailed(ErrorHandler.java:145)
	at org.openqa.selenium.remote.RemoteWebDriver.execute(RemoteWebDriver.java:498)
	at org.openqa.selenium.remote.RemoteWebDriver.findElement(RemoteWebDriver.java:268)
	at org.openqa.selenium.remote.RemoteWebDriver.findElementByXPath(RemoteWebDriver.java:353)
	at org.openqa.selenium.By$ByXPath.findElement(By.java:343)
	at org.openqa.selenium.remote.RemoteWebDriver.findElement(RemoteWebDriver.java:260)
	at org.openqa.selenium.support.ui.ExpectedConditions.findElement(ExpectedConditions.java:426)
	at org.openqa.selenium.support.ui.ExpectedConditions.access$0(ExpectedConditions.java:424)
	at org.openqa.selenium.support.ui.ExpectedConditions$7.apply(ExpectedConditions.java:200)
	at org.openqa.selenium.support.ui.ExpectedConditions$7.apply(ExpectedConditions.java:1)
	at org.openqa.selenium.support.ui.FluentWait.until(FluentWait.java:201)
	... 27 more
Caused by: org.openqa.selenium.remote.ErrorHandler$UnknownServerException: Unable to locate element: {&quot;method&quot;:&quot;xpath&quot;,&quot;selector&quot;:&quot;//div[2]/div[3]/table/tbody/tr[2]/td/span[2]&quot;}
Build info: version: &apos;2.25.0&apos;, revision: &apos;17482&apos;, time: &apos;2012-07-18 21:09:54&apos;
System info: os.name: &apos;Mac OS X&apos;, os.arch: &apos;x86_64&apos;, os.version: &apos;10.7.4&apos;, java.version: &apos;1.7.0_05&apos;
Driver info: driver.version: unknown
	at &lt;anonymous class&gt;.&lt;anonymous method&gt;(file:///var/folders/8c/lypc9lzs07n37wy77r7459jx1kgtsj/T/anonymous4222287174634727347webdriver-profile/extensions/fxdriver@googlecode.com/components/driver_component.js:6607)
	at &lt;anonymous class&gt;.&lt;anonymous method&gt;(file:///var/folders/8c/lypc9lzs07n37wy77r7459jx1kgtsj/T/anonymous4222287174634727347webdriver-profile/extensions/fxdriver@googlecode.com/components/driver_component.js:6615)
	at &lt;anonymous class&gt;.&lt;anonymous method&gt;(file:///var/folders/8c/lypc9lzs07n37wy77r7459jx1kgtsj/T/anonymous4222287174634727347webdriver-profile/extensions/fxdriver@googlecode.com/components/command_processor.js:10131)
	at &lt;anonymous class&gt;.&lt;anonymous method&gt;(file:///var/folders/8c/lypc9lzs07n37wy77r7459jx1kgtsj/T/anonymous4222287174634727347webdriver-profile/extensions/fxdriver@googlecode.com/components/command_processor.js:10136)
	at &lt;anonymous class&gt;.&lt;anonymous method&gt;(file:///var/folders/8c/lypc9lzs07n37wy77r7459jx1kgtsj/T/anonymous4222287174634727347webdriver-profile/extensions/fxdriver@googlecode.com/components/command_processor.js:10074)
... Removed 26 stack frames</pre></div><a href='#' onClick='toggleBox("stack-trace37046379", this, "Click to show all stack frames", "Click to hide stack frames")'>Click to show all stack frames</a>
<div class='stack-trace' id='stack-trace37046379'><pre>org.openqa.selenium.TimeoutException: Timed out after 60 seconds waiting for text ('SmkTstLvSsnInTchrSclGrpBYStdt Aug 30, 2012 1:31 PM') to be present in element found by By.xpath: //div[2]/div[3]/table/tbody/tr[2]/td/span[2]
Build info: version: '2.25.0', revision: '17482', time: '2012-07-18 21:09:54'
System info: os.name: 'Mac OS X', os.arch: 'x86_64', os.version: '10.7.4', java.version: '1.7.0_05'
Driver info: driver.version: unknown
	at org.openqa.selenium.support.ui.FluentWait.timeoutException(FluentWait.java:255)
	at org.openqa.selenium.support.ui.FluentWait.timeoutException(FluentWait.java:270)
	at org.openqa.selenium.support.ui.FluentWait.until(FluentWait.java:222)
	at smoketest.IsPresent.isTextPresentByXPATH(IsPresent.java:24)
	at smoketest.LiveSession.buildLiveSession(LiveSession.java:50)
	at smoketest.Actions.createLiveSsn(Actions.java:35)
	at runThrghTestNG.StdtPosts_SclGrp_GglDoc.testStdtCrtLvSsn(StdtPosts_SclGrp_GglDoc.java:56)
	at sun.reflect.NativeMethodAccessorImpl.invoke0(Native Method)
	at sun.reflect.NativeMethodAccessorImpl.invoke(NativeMethodAccessorImpl.java:57)
	at sun.reflect.DelegatingMethodAccessorImpl.invoke(DelegatingMethodAccessorImpl.java:43)
	at java.lang.reflect.Method.invoke(Method.java:601)
	at org.testng.internal.MethodInvocationHelper.invokeMethod(MethodInvocationHelper.java:80)
	at org.testng.internal.Invoker.invokeMethod(Invoker.java:702)
	at org.testng.internal.Invoker.invokeTestMethod(Invoker.java:894)
	at org.testng.internal.Invoker.invokeTestMethods(Invoker.java:1219)
	at org.testng.internal.TestMethodWorker.invokeTestMethods(TestMethodWorker.java:127)
	at org.testng.internal.TestMethodWorker.run(TestMethodWorker.java:111)
	at org.testng.TestRunner.privateRun(TestRunner.java:768)
	at org.testng.TestRunner.run(TestRunner.java:617)
	at org.testng.SuiteRunner.runTest(SuiteRunner.java:334)
	at org.testng.SuiteRunner.runSequentially(SuiteRunner.java:329)
	at org.testng.SuiteRunner.privateRun(SuiteRunner.java:291)
	at org.testng.SuiteRunner.run(SuiteRunner.java:240)
	at org.testng.SuiteRunnerWorker.runSuite(SuiteRunnerWorker.java:53)
	at org.testng.SuiteRunnerWorker.run(SuiteRunnerWorker.java:87)
	at org.testng.TestNG.runSuitesSequentially(TestNG.java:1188)
	at org.testng.TestNG.runSuitesLocally(TestNG.java:1113)
	at org.testng.TestNG.run(TestNG.java:1025)
	at org.testng.TestNG.privateMain(TestNG.java:1328)
	at org.testng.TestNG.main(TestNG.java:1297)
Caused by: org.openqa.selenium.NoSuchElementException: Unable to locate element: {"method":"xpath","selector":"//div[2]/div[3]/table/tbody/tr[2]/td/span[2]"}
Command duration or timeout: 8 milliseconds
For documentation on this error, please visit: http://seleniumhq.org/exceptions/no_such_element.html
Build info: version: '2.25.0', revision: '17482', time: '2012-07-18 21:09:54'
System info: os.name: 'Mac OS X', os.arch: 'x86_64', os.version: '10.7.4', java.version: '1.7.0_05'
Driver info: driver.version: RemoteWebDriver
Session ID: 293a47f7-4313-ce43-b0f1-c2eb65defad6
	at sun.reflect.GeneratedConstructorAccessor13.newInstance(Unknown Source)
	at sun.reflect.DelegatingConstructorAccessorImpl.newInstance(DelegatingConstructorAccessorImpl.java:45)
	at java.lang.reflect.Constructor.newInstance(Constructor.java:525)
	at org.openqa.selenium.remote.ErrorHandler.createThrowable(ErrorHandler.java:188)
	at org.openqa.selenium.remote.ErrorHandler.throwIfResponseFailed(ErrorHandler.java:145)
	at org.openqa.selenium.remote.RemoteWebDriver.execute(RemoteWebDriver.java:498)
	at org.openqa.selenium.remote.RemoteWebDriver.findElement(RemoteWebDriver.java:268)
	at org.openqa.selenium.remote.RemoteWebDriver.findElementByXPath(RemoteWebDriver.java:353)
	at org.openqa.selenium.By$ByXPath.findElement(By.java:343)
	at org.openqa.selenium.remote.RemoteWebDriver.findElement(RemoteWebDriver.java:260)
	at org.openqa.selenium.support.ui.ExpectedConditions.findElement(ExpectedConditions.java:426)
	at org.openqa.selenium.support.ui.ExpectedConditions.access$0(ExpectedConditions.java:424)
	at org.openqa.selenium.support.ui.ExpectedConditions$7.apply(ExpectedConditions.java:200)
	at org.openqa.selenium.support.ui.ExpectedConditions$7.apply(ExpectedConditions.java:1)
	at org.openqa.selenium.support.ui.FluentWait.until(FluentWait.java:201)
	... 27 more
Caused by: org.openqa.selenium.remote.ErrorHandler$UnknownServerException: Unable to locate element: {"method":"xpath","selector":"//div[2]/div[3]/table/tbody/tr[2]/td/span[2]"}
Build info: version: '2.25.0', revision: '17482', time: '2012-07-18 21:09:54'
System info: os.name: 'Mac OS X', os.arch: 'x86_64', os.version: '10.7.4', java.version: '1.7.0_05'
Driver info: driver.version: unknown
	at &lt;anonymous class&gt;.&lt;anonymous method&gt;(file:///var/folders/8c/lypc9lzs07n37wy77r7459jx1kgtsj/T/anonymous4222287174634727347webdriver-profile/extensions/fxdriver@googlecode.com/components/driver_component.js:6607)
	at &lt;anonymous class&gt;.&lt;anonymous method&gt;(file:///var/folders/8c/lypc9lzs07n37wy77r7459jx1kgtsj/T/anonymous4222287174634727347webdriver-profile/extensions/fxdriver@googlecode.com/components/driver_component.js:6615)
	at &lt;anonymous class&gt;.&lt;anonymous method&gt;(file:///var/folders/8c/lypc9lzs07n37wy77r7459jx1kgtsj/T/anonymous4222287174634727347webdriver-profile/extensions/fxdriver@googlecode.com/components/command_processor.js:10131)
	at &lt;anonymous class&gt;.&lt;anonymous method&gt;(file:///var/folders/8c/lypc9lzs07n37wy77r7459jx1kgtsj/T/anonymous4222287174634727347webdriver-profile/extensions/fxdriver@googlecode.com/components/command_processor.js:10136)
	at &lt;anonymous class&gt;.&lt;anonymous method&gt;(file:///var/folders/8c/lypc9lzs07n37wy77r7459jx1kgtsj/T/anonymous4222287174634727347webdriver-profile/extensions/fxdriver@googlecode.com/components/command_processor.js:10074)
</pre></div></td>
<td>70</td>
<td>runThrghTestNG.StdtPosts_SclGrp_GglDoc@25f39756</td></tr>
<tr>
<td title='runThrghTestNG.StdtPosts_SclGrp_GglDoc.testStdtPostURLOnTchrSclGrp()'><b>testStdtPostURLOnTchrSclGrp</b><br>Test class: runThrghTestNG.StdtPosts_SclGrp_GglDoc</td>
<td><div><pre>org.openqa.selenium.TimeoutException: Timed out after 60 seconds waiting for element to be clickable: By.xpath: //*[@id=&apos;wall_publisher_btn&apos;]/tbody/tr[2]/td[2]/em/button
Build info: version: &apos;2.25.0&apos;, revision: &apos;17482&apos;, time: &apos;2012-07-18 21:09:54&apos;
System info: os.name: &apos;Mac OS X&apos;, os.arch: &apos;x86_64&apos;, os.version: &apos;10.7.4&apos;, java.version: &apos;1.7.0_05&apos;
Driver info: driver.version: unknown
	at org.openqa.selenium.support.ui.FluentWait.timeoutException(FluentWait.java:255)
	at org.openqa.selenium.support.ui.FluentWait.timeoutException(FluentWait.java:270)
	at org.openqa.selenium.support.ui.FluentWait.until(FluentWait.java:222)
	at smoketest.WallPage.setUpWallPost(WallPage.java:78)
	at smoketest.WallPage.urlPost(WallPage.java:55)
	at smoketest.Actions.urlPost(Actions.java:29)
	at runThrghTestNG.StdtPosts_SclGrp_GglDoc.testStdtPostURLOnTchrSclGrp(StdtPosts_SclGrp_GglDoc.java:47)
... Removed 23 stack frames</pre></div><a href='#' onClick='toggleBox("stack-trace363612408", this, "Click to show all stack frames", "Click to hide stack frames")'>Click to show all stack frames</a>
<div class='stack-trace' id='stack-trace363612408'><pre>org.openqa.selenium.TimeoutException: Timed out after 60 seconds waiting for element to be clickable: By.xpath: //*[@id='wall_publisher_btn']/tbody/tr[2]/td[2]/em/button
Build info: version: '2.25.0', revision: '17482', time: '2012-07-18 21:09:54'
System info: os.name: 'Mac OS X', os.arch: 'x86_64', os.version: '10.7.4', java.version: '1.7.0_05'
Driver info: driver.version: unknown
	at org.openqa.selenium.support.ui.FluentWait.timeoutException(FluentWait.java:255)
	at org.openqa.selenium.support.ui.FluentWait.timeoutException(FluentWait.java:270)
	at org.openqa.selenium.support.ui.FluentWait.until(FluentWait.java:222)
	at smoketest.WallPage.setUpWallPost(WallPage.java:78)
	at smoketest.WallPage.urlPost(WallPage.java:55)
	at smoketest.Actions.urlPost(Actions.java:29)
	at runThrghTestNG.StdtPosts_SclGrp_GglDoc.testStdtPostURLOnTchrSclGrp(StdtPosts_SclGrp_GglDoc.java:47)
	at sun.reflect.NativeMethodAccessorImpl.invoke0(Native Method)
	at sun.reflect.NativeMethodAccessorImpl.invoke(NativeMethodAccessorImpl.java:57)
	at sun.reflect.DelegatingMethodAccessorImpl.invoke(DelegatingMethodAccessorImpl.java:43)
	at java.lang.reflect.Method.invoke(Method.java:601)
	at org.testng.internal.MethodInvocationHelper.invokeMethod(MethodInvocationHelper.java:80)
	at org.testng.internal.Invoker.invokeMethod(Invoker.java:702)
	at org.testng.internal.Invoker.invokeTestMethod(Invoker.java:894)
	at org.testng.internal.Invoker.invokeTestMethods(Invoker.java:1219)
	at org.testng.internal.TestMethodWorker.invokeTestMethods(TestMethodWorker.java:127)
	at org.testng.internal.TestMethodWorker.run(TestMethodWorker.java:111)
	at org.testng.TestRunner.privateRun(TestRunner.java:768)
	at org.testng.TestRunner.run(TestRunner.java:617)
	at org.testng.SuiteRunner.runTest(SuiteRunner.java:334)
	at org.testng.SuiteRunner.runSequentially(SuiteRunner.java:329)
	at org.testng.SuiteRunner.privateRun(SuiteRunner.java:291)
	at org.testng.SuiteRunner.run(SuiteRunner.java:240)
	at org.testng.SuiteRunnerWorker.runSuite(SuiteRunnerWorker.java:53)
	at org.testng.SuiteRunnerWorker.run(SuiteRunnerWorker.java:87)
	at org.testng.TestNG.runSuitesSequentially(TestNG.java:1188)
	at org.testng.TestNG.runSuitesLocally(TestNG.java:1113)
	at org.testng.TestNG.run(TestNG.java:1025)
	at org.testng.TestNG.privateMain(TestNG.java:1328)
	at org.testng.TestNG.main(TestNG.java:1297)
</pre></div></td>
<td>66</td>
<td>runThrghTestNG.StdtPosts_SclGrp_GglDoc@25f39756</td></tr>
</table><p>
<table width='100%' border='1' class='invocation-passed'>
<tr><td colspan='4' align='center'><b>PASSED TESTS</b></td></tr>
<tr><td><b>Test method</b></td>
<td width="30%"><b>Exception</b></td>
<td width="10%"><b>Time (seconds)</b></td>
<td><b>Instance</b></td>
</tr>
<tr>
<td title='runThrghTestNG.StdtPosts_SclGrp_GglDoc.testStdtCrtSclGrp()'><b>testStdtCrtSclGrp</b><br>Test class: runThrghTestNG.StdtPosts_SclGrp_GglDoc</td>
<td></td>
<td>15</td>
<td>runThrghTestNG.StdtPosts_SclGrp_GglDoc@25f39756</td></tr>
<tr>
<td title='runThrghTestNG.StdtPosts_SclGrp_GglDoc.testStdtJoinsTchrSclGrp()'><b>testStdtJoinsTchrSclGrp</b><br>Test class: runThrghTestNG.StdtPosts_SclGrp_GglDoc</td>
<td></td>
<td>16</td>
<td>runThrghTestNG.StdtPosts_SclGrp_GglDoc@25f39756</td></tr>
<tr>
<td title='runThrghTestNG.StdtPosts_SclGrp_GglDoc.testStdtLgn()'><b>testStdtLgn</b><br>Test class: runThrghTestNG.StdtPosts_SclGrp_GglDoc</td>
<td></td>
<td>10</td>
<td>runThrghTestNG.StdtPosts_SclGrp_GglDoc@25f39756</td></tr>
<tr>
<td title='runThrghTestNG.StdtPosts_SclGrp_GglDoc.testStdtVrfyActivities()'><b>testStdtVrfyActivities</b><br>Test class: runThrghTestNG.StdtPosts_SclGrp_GglDoc</td>
<td></td>
<td>10</td>
<td>runThrghTestNG.StdtPosts_SclGrp_GglDoc@25f39756</td></tr>
<tr>
<td title='runThrghTestNG.StdtPosts_SclGrp_GglDoc.testStdtVrfyWrkGrp()'><b>testStdtVrfyWrkGrp</b><br>Test class: runThrghTestNG.StdtPosts_SclGrp_GglDoc</td>
<td></td>
<td>10</td>
<td>runThrghTestNG.StdtPosts_SclGrp_GglDoc@25f39756</td></tr>
</table><p>
<table width='100%' border='1' class='invocation-skipped'>
<tr><td colspan='4' align='center'><b>SKIPPED TESTS</b></td></tr>
<tr><td><b>Test method</b></td>
<td width="30%"><b>Exception</b></td>
<td width="10%"><b>Time (seconds)</b></td>
<td><b>Instance</b></td>
</tr>
<tr>
<td title='runThrghTestNG.StdtPosts_SclGrp_GglDoc.testStdtVrfyURLPsts_TopNews_RcntNews()'><b>testStdtVrfyURLPsts_TopNews_RcntNews</b><br>Test class: runThrghTestNG.StdtPosts_SclGrp_GglDoc</td>
<td></td>
<td>0</td>
<td>null</td></tr>
</table><p>
</body>
</html>