<?xml version="1.0" encoding="UTF-8"?>
<!-- Generated by org.testng.reporters.JUnitXMLReporter -->
<testsuite hostname="C02HWNR3DTY3.local" name="TchrJoinDeleteSclGrp" tests="5" failures="1" timestamp="30 Aug 2012 17:35:35 GMT" time="103.356" errors="0">
  <testcase name="testTchrLgn" time="8.881" classname="runThrghTestNG.TchrJoin_Delete_SclGrp"/>
  <testcase name="testTchrDeleteSclGrp" time="8.106" classname="runThrghTestNG.TchrJoin_Delete_SclGrp"/>
  <testcase name="testTchrJoinsStdtSclGrp" time="14.236" classname="runThrghTestNG.TchrJoin_Delete_SclGrp"/>
  <testcase name="testTchrVrfyURLPsts_TopNews_RcntNews" time="62.746" classname="runThrghTestNG.TchrJoin_Delete_SclGrp">
    <failure type="org.openqa.selenium.TimeoutException" message="Timed out after 60 seconds waiting for presence of element located by: By.xpath: //*[contains(text(),&amp;apos;http://urlcrspostbyteacher3008-132330Aug121328.com&amp;apos;)]
Build info: version: &amp;apos;2.25.0&amp;apos;, revision: &amp;apos;17482&amp;apos;, time: &amp;apos;2012-07-18 21:09:54&amp;apos;
System info: os.name: &amp;apos;Mac OS X&amp;apos;, os.arch: &amp;apos;x86_64&amp;apos;, os.version: &amp;apos;10.7.4&amp;apos;, java.version: &amp;apos;1.7.0_05&amp;apos;
Driver info: driver.version: unknown">
      <![CDATA[org.openqa.selenium.TimeoutException: Timed out after 60 seconds waiting for presence of element located by: By.xpath: //*[contains(text(),'http://urlcrspostbyteacher3008-132330Aug121328.com')]
Build info: version: '2.25.0', revision: '17482', time: '2012-07-18 21:09:54'
System info: os.name: 'Mac OS X', os.arch: 'x86_64', os.version: '10.7.4', java.version: '1.7.0_05'
Driver info: driver.version: unknown
	at org.openqa.selenium.support.ui.FluentWait.timeoutException(FluentWait.java:255)
	at org.openqa.selenium.support.ui.FluentWait.timeoutException(FluentWait.java:270)
	at org.openqa.selenium.support.ui.FluentWait.until(FluentWait.java:222)
	at smoketest.IsPresent.isElementPresentContainsTextByXPATH(IsPresent.java:28)
	at smoketest.Actions.vrfyURLPstsAsTopNews_RcntNews(Actions.java:265)
	at runThrghTestNG.TchrJoin_Delete_SclGrp.testTchrVrfyURLPsts_TopNews_RcntNews(TchrJoin_Delete_SclGrp.java:42)
Caused by: org.openqa.selenium.NoSuchElementException: Unable to locate element: {"method":"xpath","selector":"//*[contains(text(),'http://urlcrspostbyteacher3008-132330Aug121328.com')]"}
Command duration or timeout: 8 milliseconds
For documentation on this error, please visit: http://seleniumhq.org/exceptions/no_such_element.html
Build info: version: '2.25.0', revision: '17482', time: '2012-07-18 21:09:54'
System info: os.name: 'Mac OS X', os.arch: 'x86_64', os.version: '10.7.4', java.version: '1.7.0_05'
Driver info: driver.version: RemoteWebDriver
Session ID: 6c3863a8-0878-c04c-a25f-c3a229dca0bd
	at org.openqa.selenium.remote.ErrorHandler.createThrowable(ErrorHandler.java:188)
	at org.openqa.selenium.remote.ErrorHandler.throwIfResponseFailed(ErrorHandler.java:145)
	at org.openqa.selenium.remote.RemoteWebDriver.execute(RemoteWebDriver.java:498)
	at org.openqa.selenium.remote.RemoteWebDriver.findElement(RemoteWebDriver.java:268)
	at org.openqa.selenium.remote.RemoteWebDriver.findElementByXPath(RemoteWebDriver.java:353)
	at org.openqa.selenium.By$ByXPath.findElement(By.java:343)
	at org.openqa.selenium.remote.RemoteWebDriver.findElement(RemoteWebDriver.java:260)
	at org.openqa.selenium.support.ui.ExpectedConditions.findElement(ExpectedConditions.java:426)
	at org.openqa.selenium.support.ui.ExpectedConditions.access$0(ExpectedConditions.java:424)
	at org.openqa.selenium.support.ui.ExpectedConditions$3.apply(ExpectedConditions.java:103)
	at org.openqa.selenium.support.ui.ExpectedConditions$3.apply(ExpectedConditions.java:1)
	at org.openqa.selenium.support.ui.FluentWait.until(FluentWait.java:201)
	... 26 more
Caused by: org.openqa.selenium.remote.ErrorHandler$UnknownServerException: Unable to locate element: {"method":"xpath","selector":"//*[contains(text(),'http://urlcrspostbyteacher3008-132330Aug121328.com')]"}
Build info: version: '2.25.0', revision: '17482', time: '2012-07-18 21:09:54'
System info: os.name: 'Mac OS X', os.arch: 'x86_64', os.version: '10.7.4', java.version: '1.7.0_05'
Driver info: driver.version: unknown
	at <anonymous class>.<anonymous method>(file:///var/folders/8c/lypc9lzs07n37wy77r7459jx1kgtsj/T/anonymous8219905416821675399webdriver-profile/extensions/fxdriver@googlecode.com/components/driver_component.js:6607)
	at <anonymous class>.<anonymous method>(file:///var/folders/8c/lypc9lzs07n37wy77r7459jx1kgtsj/T/anonymous8219905416821675399webdriver-profile/extensions/fxdriver@googlecode.com/components/driver_component.js:6615)
	at <anonymous class>.<anonymous method>(file:///var/folders/8c/lypc9lzs07n37wy77r7459jx1kgtsj/T/anonymous8219905416821675399webdriver-profile/extensions/fxdriver@googlecode.com/components/command_processor.js:10131)
	at <anonymous class>.<anonymous method>(file:///var/folders/8c/lypc9lzs07n37wy77r7459jx1kgtsj/T/anonymous8219905416821675399webdriver-profile/extensions/fxdriver@googlecode.com/components/command_processor.js:10136)
	at <anonymous class>.<anonymous method>(file:///var/folders/8c/lypc9lzs07n37wy77r7459jx1kgtsj/T/anonymous8219905416821675399webdriver-profile/extensions/fxdriver@googlecode.com/components/command_processor.js:10074)
... Removed 26 stack frames]]>
    </failure>
  </testcase> <!-- testTchrVrfyURLPsts_TopNews_RcntNews -->
  <testcase name="testTchrLeavesStdtSclGrp" time="5.217" classname="runThrghTestNG.TchrJoin_Delete_SclGrp"/>
</testsuite> <!-- TchrJoinDeleteSclGrp -->
