<?xml version="1.0" encoding="UTF-8"?>
<!-- Generated by org.testng.reporters.JUnitXMLReporter -->
<testsuite hostname="C02HWNR3DTY3.local" name="TchrPostsSclGrpGglDoc" tests="7" failures="2" timestamp="30 Aug 2012 17:30:25 GMT" time="202.3" errors="0">
  <testcase name="testTchrLgn" time="9.725" classname="runThrghTestNG.TchrPosts_SclGrp_GglDoc"/>
  <testcase name="testTchrCrtGglDoc" time="20.019" classname="runThrghTestNG.TchrPosts_SclGrp_GglDoc"/>
  <testcase name="testTchrCrtSclGrp" time="13.095" classname="runThrghTestNG.TchrPosts_SclGrp_GglDoc"/>
  <testcase name="testTchrPostsOn_Wall_CrsWall" time="17.554" classname="runThrghTestNG.TchrPosts_SclGrp_GglDoc"/>
  <testcase name="testTchrVrfyActivities" time="6.225" classname="runThrghTestNG.TchrPosts_SclGrp_GglDoc"/>
  <testcase name="testTchrCrtLvSsn" time="67.987" classname="runThrghTestNG.TchrPosts_SclGrp_GglDoc">
    <failure type="org.openqa.selenium.TimeoutException" message="Timed out after 60 seconds waiting for text (&amp;apos;SmkTstLvSsn Aug 30, 2012 1:28 PM&amp;apos;) to be present in element found by By.xpath: //td/span[2]
Build info: version: &amp;apos;2.25.0&amp;apos;, revision: &amp;apos;17482&amp;apos;, time: &amp;apos;2012-07-18 21:09:54&amp;apos;
System info: os.name: &amp;apos;Mac OS X&amp;apos;, os.arch: &amp;apos;x86_64&amp;apos;, os.version: &amp;apos;10.7.4&amp;apos;, java.version: &amp;apos;1.7.0_05&amp;apos;
Driver info: driver.version: unknown">
      <![CDATA[org.openqa.selenium.TimeoutException: Timed out after 60 seconds waiting for text ('SmkTstLvSsn Aug 30, 2012 1:28 PM') to be present in element found by By.xpath: //td/span[2]
Build info: version: '2.25.0', revision: '17482', time: '2012-07-18 21:09:54'
System info: os.name: 'Mac OS X', os.arch: 'x86_64', os.version: '10.7.4', java.version: '1.7.0_05'
Driver info: driver.version: unknown
	at org.openqa.selenium.support.ui.FluentWait.timeoutException(FluentWait.java:255)
	at org.openqa.selenium.support.ui.FluentWait.timeoutException(FluentWait.java:270)
	at org.openqa.selenium.support.ui.FluentWait.until(FluentWait.java:222)
	at smoketest.IsPresent.isTextPresentByXPATH(IsPresent.java:24)
	at smoketest.LiveSession.buildLiveSession(LiveSession.java:53)
	at smoketest.Actions.createLiveSsn(Actions.java:35)
	at runThrghTestNG.TchrPosts_SclGrp_GglDoc.testTchrCrtLvSsn(TchrPosts_SclGrp_GglDoc.java:60)
Caused by: org.openqa.selenium.NoSuchElementException: Unable to locate element: {"method":"xpath","selector":"//td/span[2]"}
Command duration or timeout: 8 milliseconds
For documentation on this error, please visit: http://seleniumhq.org/exceptions/no_such_element.html
Build info: version: '2.25.0', revision: '17482', time: '2012-07-18 21:09:54'
System info: os.name: 'Mac OS X', os.arch: 'x86_64', os.version: '10.7.4', java.version: '1.7.0_05'
Driver info: driver.version: RemoteWebDriver
Session ID: 12880ad6-2195-9043-a174-c37f8502e67f
	at org.openqa.selenium.remote.ErrorHandler.createThrowable(ErrorHandler.java:188)
	at org.openqa.selenium.remote.ErrorHandler.throwIfResponseFailed(ErrorHandler.java:145)
	at org.openqa.selenium.remote.RemoteWebDriver.execute(RemoteWebDriver.java:498)
	at org.openqa.selenium.remote.RemoteWebDriver.findElement(RemoteWebDriver.java:268)
	at org.openqa.selenium.remote.RemoteWebDriver.findElementByXPath(RemoteWebDriver.java:353)
	at org.openqa.selenium.By$ByXPath.findElement(By.java:343)
	at org.openqa.selenium.remote.RemoteWebDriver.findElement(RemoteWebDriver.java:260)
	at org.openqa.selenium.support.ui.ExpectedConditions.findElement(ExpectedConditions.java:426)
	at org.openqa.selenium.support.ui.ExpectedConditions.access$0(ExpectedConditions.java:424)
	at org.openqa.selenium.support.ui.ExpectedConditions$7.apply(ExpectedConditions.java:200)
	at org.openqa.selenium.support.ui.ExpectedConditions$7.apply(ExpectedConditions.java:1)
	at org.openqa.selenium.support.ui.FluentWait.until(FluentWait.java:201)
	... 27 more
Caused by: org.openqa.selenium.remote.ErrorHandler$UnknownServerException: Unable to locate element: {"method":"xpath","selector":"//td/span[2]"}
Build info: version: '2.25.0', revision: '17482', time: '2012-07-18 21:09:54'
System info: os.name: 'Mac OS X', os.arch: 'x86_64', os.version: '10.7.4', java.version: '1.7.0_05'
Driver info: driver.version: unknown
	at <anonymous class>.<anonymous method>(file:///var/folders/8c/lypc9lzs07n37wy77r7459jx1kgtsj/T/anonymous4344824726031229517webdriver-profile/extensions/fxdriver@googlecode.com/components/driver_component.js:6607)
	at <anonymous class>.<anonymous method>(file:///var/folders/8c/lypc9lzs07n37wy77r7459jx1kgtsj/T/anonymous4344824726031229517webdriver-profile/extensions/fxdriver@googlecode.com/components/driver_component.js:6615)
	at <anonymous class>.<anonymous method>(file:///var/folders/8c/lypc9lzs07n37wy77r7459jx1kgtsj/T/anonymous4344824726031229517webdriver-profile/extensions/fxdriver@googlecode.com/components/command_processor.js:10131)
	at <anonymous class>.<anonymous method>(file:///var/folders/8c/lypc9lzs07n37wy77r7459jx1kgtsj/T/anonymous4344824726031229517webdriver-profile/extensions/fxdriver@googlecode.com/components/command_processor.js:10136)
	at <anonymous class>.<anonymous method>(file:///var/folders/8c/lypc9lzs07n37wy77r7459jx1kgtsj/T/anonymous4344824726031229517webdriver-profile/extensions/fxdriver@googlecode.com/components/command_processor.js:10074)
... Removed 26 stack frames]]>
    </failure>
  </testcase> <!-- testTchrCrtLvSsn -->
  <testcase name="testTchrVrfyURLPsts_TopNews_RcntNews" time="63.196" classname="runThrghTestNG.TchrPosts_SclGrp_GglDoc">
    <failure type="org.openqa.selenium.TimeoutException" message="Timed out after 60 seconds waiting for presence of element located by: By.xpath: //*[contains(text(),&amp;apos;http://urlcrspostbyteacher3008-132330Aug121328.com&amp;apos;)]
Build info: version: &amp;apos;2.25.0&amp;apos;, revision: &amp;apos;17482&amp;apos;, time: &amp;apos;2012-07-18 21:09:54&amp;apos;
System info: os.name: &amp;apos;Mac OS X&amp;apos;, os.arch: &amp;apos;x86_64&amp;apos;, os.version: &amp;apos;10.7.4&amp;apos;, java.version: &amp;apos;1.7.0_05&amp;apos;
Driver info: driver.version: unknown">
      <![CDATA[org.openqa.selenium.TimeoutException: Timed out after 60 seconds waiting for presence of element located by: By.xpath: //*[contains(text(),'http://urlcrspostbyteacher3008-132330Aug121328.com')]
Build info: version: '2.25.0', revision: '17482', time: '2012-07-18 21:09:54'
System info: os.name: 'Mac OS X', os.arch: 'x86_64', os.version: '10.7.4', java.version: '1.7.0_05'
Driver info: driver.version: unknown
	at org.openqa.selenium.support.ui.FluentWait.timeoutException(FluentWait.java:255)
	at org.openqa.selenium.support.ui.FluentWait.timeoutException(FluentWait.java:270)
	at org.openqa.selenium.support.ui.FluentWait.until(FluentWait.java:222)
	at smoketest.IsPresent.isElementPresentContainsTextByXPATH(IsPresent.java:28)
	at smoketest.Actions.vrfyURLPstsAsTopNews_RcntNews(Actions.java:265)
	at runThrghTestNG.TchrPosts_SclGrp_GglDoc.testTchrVrfyURLPsts_TopNews_RcntNews(TchrPosts_SclGrp_GglDoc.java:45)
Caused by: org.openqa.selenium.NoSuchElementException: Unable to locate element: {"method":"xpath","selector":"//*[contains(text(),'http://urlcrspostbyteacher3008-132330Aug121328.com')]"}
Command duration or timeout: 8 milliseconds
For documentation on this error, please visit: http://seleniumhq.org/exceptions/no_such_element.html
Build info: version: '2.25.0', revision: '17482', time: '2012-07-18 21:09:54'
System info: os.name: 'Mac OS X', os.arch: 'x86_64', os.version: '10.7.4', java.version: '1.7.0_05'
Driver info: driver.version: RemoteWebDriver
Session ID: 12880ad6-2195-9043-a174-c37f8502e67f
	at org.openqa.selenium.remote.ErrorHandler.createThrowable(ErrorHandler.java:188)
	at org.openqa.selenium.remote.ErrorHandler.throwIfResponseFailed(ErrorHandler.java:145)
	at org.openqa.selenium.remote.RemoteWebDriver.execute(RemoteWebDriver.java:498)
	at org.openqa.selenium.remote.RemoteWebDriver.findElement(RemoteWebDriver.java:268)
	at org.openqa.selenium.remote.RemoteWebDriver.findElementByXPath(RemoteWebDriver.java:353)
	at org.openqa.selenium.By$ByXPath.findElement(By.java:343)
	at org.openqa.selenium.remote.RemoteWebDriver.findElement(RemoteWebDriver.java:260)
	at org.openqa.selenium.support.ui.ExpectedConditions.findElement(ExpectedConditions.java:426)
	at org.openqa.selenium.support.ui.ExpectedConditions.access$0(ExpectedConditions.java:424)
	at org.openqa.selenium.support.ui.ExpectedConditions$3.apply(ExpectedConditions.java:103)
	at org.openqa.selenium.support.ui.ExpectedConditions$3.apply(ExpectedConditions.java:1)
	at org.openqa.selenium.support.ui.FluentWait.until(FluentWait.java:201)
	... 26 more
Caused by: org.openqa.selenium.remote.ErrorHandler$UnknownServerException: Unable to locate element: {"method":"xpath","selector":"//*[contains(text(),'http://urlcrspostbyteacher3008-132330Aug121328.com')]"}
Build info: version: '2.25.0', revision: '17482', time: '2012-07-18 21:09:54'
System info: os.name: 'Mac OS X', os.arch: 'x86_64', os.version: '10.7.4', java.version: '1.7.0_05'
Driver info: driver.version: unknown
	at <anonymous class>.<anonymous method>(file:///var/folders/8c/lypc9lzs07n37wy77r7459jx1kgtsj/T/anonymous4344824726031229517webdriver-profile/extensions/fxdriver@googlecode.com/components/driver_component.js:6607)
	at <anonymous class>.<anonymous method>(file:///var/folders/8c/lypc9lzs07n37wy77r7459jx1kgtsj/T/anonymous4344824726031229517webdriver-profile/extensions/fxdriver@googlecode.com/components/driver_component.js:6615)
	at <anonymous class>.<anonymous method>(file:///var/folders/8c/lypc9lzs07n37wy77r7459jx1kgtsj/T/anonymous4344824726031229517webdriver-profile/extensions/fxdriver@googlecode.com/components/command_processor.js:10131)
	at <anonymous class>.<anonymous method>(file:///var/folders/8c/lypc9lzs07n37wy77r7459jx1kgtsj/T/anonymous4344824726031229517webdriver-profile/extensions/fxdriver@googlecode.com/components/command_processor.js:10136)
	at <anonymous class>.<anonymous method>(file:///var/folders/8c/lypc9lzs07n37wy77r7459jx1kgtsj/T/anonymous4344824726031229517webdriver-profile/extensions/fxdriver@googlecode.com/components/command_processor.js:10074)
... Removed 26 stack frames]]>
    </failure>
  </testcase> <!-- testTchrVrfyURLPsts_TopNews_RcntNews -->
</testsuite> <!-- TchrPostsSclGrpGglDoc -->
