<?xml version="1.0" encoding="UTF-8"?>
<!-- Generated by org.testng.reporters.JUnitReportReporter -->
<testsuite hostname="C02HWNR3DTY3.local" name="runThrghTestNG.TchrJoin_Delete_SclGrp" tests="5" failures="1" timestamp="30 Aug 2012 17:35:35 GMT" time="99.186" errors="0">
  <testcase name="testTchrVrfyURLPsts_TopNews_RcntNews" time="62.746" classname="runThrghTestNG.TchrJoin_Delete_SclGrp">
    <failure type="org.openqa.selenium.TimeoutException" message="Timed out after 60 seconds waiting for presence of element located by: By.xpath: //*[contains(text(),&#039;http://urlcrspostbyteacher3008-132330Aug121328.com&#039;)]
Build info: version: &#039;2.25.0&#039;, revision: &#039;17482&#039;, time: &#039;2012-07-18 21:09:54&#039;
System info: os.name: &#039;Mac OS X&#039;, os.arch: &#039;x86_64&#039;, os.version: &#039;10.7.4&#039;, java.version: &#039;1.7.0_05&#039;
Driver info: driver.version: unknown">
      <![CDATA[org.openqa.selenium.TimeoutException: Timed out after 60 seconds waiting for presence of element located by: By.xpath: //*[contains(text(),'http://urlcrspostbyteacher3008-132330Aug121328.com')]
Build info: version: '2.25.0', revision: '17482', time: '2012-07-18 21:09:54'
System info: os.name: 'Mac OS X', os.arch: 'x86_64', os.version: '10.7.4', java.version: '1.7.0_05'
Driver info: driver.version: unknown
	at org.openqa.selenium.support.ui.FluentWait.timeoutException(FluentWait.java:255)
	at org.openqa.selenium.support.ui.FluentWait.timeoutException(FluentWait.java:270)
	at org.openqa.selenium.support.ui.FluentWait.until(FluentWait.java:222)
	at smoketest.IsPresent.isElementPresentContainsTextByXPATH(IsPresent.java:28)
	at smoketest.Actions.vrfyURLPstsAsTopNews_RcntNews(Actions.java:265)
	at runThrghTestNG.TchrJoin_Delete_SclGrp.testTchrVrfyURLPsts_TopNews_RcntNews(TchrJoin_Delete_SclGrp.java:42)
	at sun.reflect.NativeMethodAccessorImpl.invoke0(Native Method)
	at sun.reflect.NativeMethodAccessorImpl.invoke(NativeMethodAccessorImpl.java:57)
	at sun.reflect.DelegatingMethodAccessorImpl.invoke(DelegatingMethodAccessorImpl.java:43)
	at java.lang.reflect.Method.invoke(Method.java:601)
	at org.testng.internal.MethodInvocationHelper.invokeMethod(MethodInvocationHelper.java:80)
	at org.testng.internal.Invoker.invokeMethod(Invoker.java:702)
	at org.testng.internal.Invoker.invokeTestMethod(Invoker.java:894)
	at org.testng.internal.Invoker.invokeTestMethods(Invoker.java:1219)
	at org.testng.internal.TestMethodWorker.invokeTestMethods(TestMethodWorker.java:127)
	at org.testng.internal.TestMethodWorker.run(TestMethodWorker.java:111)
	at org.testng.TestRunner.privateRun(TestRunner.java:768)
	at org.testng.TestRunner.run(TestRunner.java:617)
	at org.testng.SuiteRunner.runTest(SuiteRunner.java:334)
	at org.testng.SuiteRunner.runSequentially(SuiteRunner.java:329)
	at org.testng.SuiteRunner.privateRun(SuiteRunner.java:291)
	at org.testng.SuiteRunner.run(SuiteRunner.java:240)
	at org.testng.SuiteRunnerWorker.runSuite(SuiteRunnerWorker.java:53)
	at org.testng.SuiteRunnerWorker.run(SuiteRunnerWorker.java:87)
	at org.testng.TestNG.runSuitesSequentially(TestNG.java:1188)
	at org.testng.TestNG.runSuitesLocally(TestNG.java:1113)
	at org.testng.TestNG.run(TestNG.java:1025)
	at org.testng.TestNG.privateMain(TestNG.java:1328)
	at org.testng.TestNG.main(TestNG.java:1297)
Caused by: org.openqa.selenium.NoSuchElementException: Unable to locate element: {"method":"xpath","selector":"//*[contains(text(),'http://urlcrspostbyteacher3008-132330Aug121328.com')]"}
Command duration or timeout: 8 milliseconds
For documentation on this error, please visit: http://seleniumhq.org/exceptions/no_such_element.html
Build info: version: '2.25.0', revision: '17482', time: '2012-07-18 21:09:54'
System info: os.name: 'Mac OS X', os.arch: 'x86_64', os.version: '10.7.4', java.version: '1.7.0_05'
Driver info: driver.version: RemoteWebDriver
Session ID: 6c3863a8-0878-c04c-a25f-c3a229dca0bd
	at sun.reflect.GeneratedConstructorAccessor13.newInstance(Unknown Source)
	at sun.reflect.DelegatingConstructorAccessorImpl.newInstance(DelegatingConstructorAccessorImpl.java:45)
	at java.lang.reflect.Constructor.newInstance(Constructor.java:525)
	at org.openqa.selenium.remote.ErrorHandler.createThrowable(ErrorHandler.java:188)
	at org.openqa.selenium.remote.ErrorHandler.throwIfResponseFailed(ErrorHandler.java:145)
	at org.openqa.selenium.remote.RemoteWebDriver.execute(RemoteWebDriver.java:498)
	at org.openqa.selenium.remote.RemoteWebDriver.findElement(RemoteWebDriver.java:268)
	at org.openqa.selenium.remote.RemoteWebDriver.findElementByXPath(RemoteWebDriver.java:353)
	at org.openqa.selenium.By$ByXPath.findElement(By.java:343)
	at org.openqa.selenium.remote.RemoteWebDriver.findElement(RemoteWebDriver.java:260)
	at org.openqa.selenium.support.ui.ExpectedConditions.findElement(ExpectedConditions.java:426)
	at org.openqa.selenium.support.ui.ExpectedConditions.access$0(ExpectedConditions.java:424)
	at org.openqa.selenium.support.ui.ExpectedConditions$3.apply(ExpectedConditions.java:103)
	at org.openqa.selenium.support.ui.ExpectedConditions$3.apply(ExpectedConditions.java:1)
	at org.openqa.selenium.support.ui.FluentWait.until(FluentWait.java:201)
	... 26 more
Caused by: org.openqa.selenium.remote.ErrorHandler$UnknownServerException: Unable to locate element: {"method":"xpath","selector":"//*[contains(text(),'http://urlcrspostbyteacher3008-132330Aug121328.com')]"}
Build info: version: '2.25.0', revision: '17482', time: '2012-07-18 21:09:54'
System info: os.name: 'Mac OS X', os.arch: 'x86_64', os.version: '10.7.4', java.version: '1.7.0_05'
Driver info: driver.version: unknown
	at <anonymous class>.<anonymous method>(file:///var/folders/8c/lypc9lzs07n37wy77r7459jx1kgtsj/T/anonymous8219905416821675399webdriver-profile/extensions/fxdriver@googlecode.com/components/driver_component.js:6607)
	at <anonymous class>.<anonymous method>(file:///var/folders/8c/lypc9lzs07n37wy77r7459jx1kgtsj/T/anonymous8219905416821675399webdriver-profile/extensions/fxdriver@googlecode.com/components/driver_component.js:6615)
	at <anonymous class>.<anonymous method>(file:///var/folders/8c/lypc9lzs07n37wy77r7459jx1kgtsj/T/anonymous8219905416821675399webdriver-profile/extensions/fxdriver@googlecode.com/components/command_processor.js:10131)
	at <anonymous class>.<anonymous method>(file:///var/folders/8c/lypc9lzs07n37wy77r7459jx1kgtsj/T/anonymous8219905416821675399webdriver-profile/extensions/fxdriver@googlecode.com/components/command_processor.js:10136)
	at <anonymous class>.<anonymous method>(file:///var/folders/8c/lypc9lzs07n37wy77r7459jx1kgtsj/T/anonymous8219905416821675399webdriver-profile/extensions/fxdriver@googlecode.com/components/command_processor.js:10074)
]]>
    </failure>
  </testcase> <!-- testTchrVrfyURLPsts_TopNews_RcntNews -->
  <testcase name="testTchrLgn" time="8.881" classname="runThrghTestNG.TchrJoin_Delete_SclGrp"/>
  <testcase name="testTchrLeavesStdtSclGrp" time="5.217" classname="runThrghTestNG.TchrJoin_Delete_SclGrp"/>
  <testcase name="testTchrDeleteSclGrp" time="8.106" classname="runThrghTestNG.TchrJoin_Delete_SclGrp"/>
  <testcase name="testTchrJoinsStdtSclGrp" time="14.236" classname="runThrghTestNG.TchrJoin_Delete_SclGrp"/>
</testsuite> <!-- runThrghTestNG.TchrJoin_Delete_SclGrp -->
